0001_0035_0031_0036_0036.jpg 1 35 31 36 36
0002_0043_0045_0027_0027.jpg 1 43 45 27 27
0003_0026_0029_0030_0030.jpg 1 26 29 30 30
0004_0026_0008_0058_0058.jpg 1 26 8 58 58
0005_0007_0013_0069_0069.jpg 1 7 13 69 69
0006_0039_0028_0046_0046.jpg 1 39 28 46 46
0007_0026_0043_0050_0050.jpg 1 26 43 50 50
0008_0032_0054_0028_0028.jpg 1 32 54 28 28
0009_0035_0058_0028_0028.jpg 1 35 58 28 28
0010_0021_0010_0051_0051.jpg 1 21 10 51 51
0011_0009_0026_0029_0029.jpg 1 9 26 29 29
0012_0024_0010_0049_0049.jpg 1 24 10 49 49
0013_0018_0019_0044_0044.jpg 1 18 19 44 44
0014_0028_0031_0042_0042.jpg 1 28 31 42 42
0015_0023_0020_0060_0060.jpg 1 23 20 60 60
0016_0025_0014_0057_0057.jpg 1 25 14 57 57
0017_0058_0044_0033_0033.jpg 1 58 44 33 33
0018_0034_0031_0054_0054.jpg 1 34 31 54 54
0019_0012_0032_0031_0031.jpg 1 12 32 31 31
0020_0030_0010_0035_0035.jpg 1 30 10 35 35
0021_0031_0026_0059_0059.jpg 1 31 26 59 59
0022_0040_0023_0053_0053.jpg 1 40 23 53 53
0023_0011_0011_0062_0062.jpg 1 11 11 62 62
0024_0025_0022_0055_0055.jpg 1 25 22 55 55
0025_0025_0011_0035_0035.jpg 1 25 11 35 35
0026_0007_0017_0028_0028.jpg 1 7 17 28 28
0027_0008_0017_0064_0064.jpg 1 8 17 64 64
0028_0012_0032_0056_0056.jpg 1 12 32 56 56
0029_0026_0014_0042_0042.jpg 1 26 14 42 42
0030_0020_0018_0028_0028.jpg 1 20 18 28 28
0031_0028_0034_0039_0039.jpg 1 28 34 39 39
0032_0029_0011_0065_0065.jpg 1 29 11 65 65
0033_0033_0018_0045_0045.jpg 1 33 18 45 45
0034_0066_0054_0025_0025.jpg 1 66 54 25 25
0035_0028_0014_0046_0046.jpg 1 28 14 46 46
0036_0038_0041_0037_0037.jpg 1 38 41 37 37
0037_0008_0021_0038_0038.jpg 1 8 21 38 38
0038_0049_0056_0036_0036.jpg 1 49 56 36 36
0039_0032_0013_0052_0052.jpg 1 32 13 52 52
0040_0050_0024_0036_0036.jpg 1 50 24 36 36
0041_0056_0048_0033_0033.jpg 1 56 48 33 33
0042_0040_0011_0029_0029.jpg 1 40 11 29 29
0043_0005_0023_0054_0054.jpg 1 5 23 54 54
0044_0035_0037_0050_0050.jpg 1 35 37 50 50
0045_0015_0029_0060_0060.jpg 1 15 29 60 60
0046_0005_0010_0049_0049.jpg 1 5 10 49 49
0047_0023_0013_0055_0055.jpg 1 23 13 55 55
0048_0056_0020_0034_0034.jpg 1 56 20 34 34
0049_0043_0017_0043_0043.jpg 1 43 17 43 43
0050_0007_0012_0066_0066.jpg 1 7 12 66 66
0051_0048_0055_0029_0029.jpg 1 48 55 29 29
0052_0005_0032_0054_0054.jpg 1 5 32 54 54
0053_0036_0049_0035_0035.jpg 1 36 49 35 35
0054_0039_0025_0029_0029.jpg 1 39 25 29 29
0055_0047_0013_0045_0045.jpg 1 47 13 45 45
0056_0031_0030_0038_0038.jpg 1 31 30 38 38
0057_0016_0037_0039_0039.jpg 1 16 37 39 39
0058_0023_0013_0056_0056.jpg 1 23 13 56 56
0059_0008_0005_0057_0057.jpg 1 8 5 57 57
0060_0017_0020_0050_0050.jpg 1 17 20 50 50
0061_0047_0024_0036_0036.jpg 1 47 24 36 36
0062_0050_0050_0027_0027.jpg 1 50 50 27 27
0063_0043_0016_0025_0025.jpg 1 43 16 25 25
0064_0015_0040_0049_0049.jpg 1 15 40 49 49
0065_0008_0027_0065_0065.jpg 1 8 27 65 65
0066_0032_0018_0034_0034.jpg 1 32 18 34 34
0067_0029_0035_0046_0046.jpg 1 29 35 46 46
0068_0027_0034_0048_0048.jpg 1 27 34 48 48
0069_0009_0022_0061_0061.jpg 1 9 22 61 61
0070_0040_0029_0042_0042.jpg 1 40 29 42 42
0071_0013_0006_0063_0063.jpg 1 13 6 63 63
0072_0012_0009_0067_0067.jpg 1 12 9 67 67
0073_0023_0058_0024_0024.jpg 1 23 58 24 24
0074_0053_0058_0027_0027.jpg 1 53 58 27 27
0075_0026_0016_0054_0054.jpg 1 26 16 54 54
0076_0004_0008_0069_0069.jpg 1 4 8 69 69
0077_0025_0066_0026_0026.jpg 1 25 66 26 26
0078_0027_0045_0035_0035.jpg 1 27 45 35 35
0079_0007_0012_0030_0030.jpg 1 7 12 30 30
0080_0017_0011_0062_0062.jpg 1 17 11 62 62
0081_0042_0043_0046_0046.jpg 1 42 43 46 46
0082_0047_0065_0027_0027.jpg 1 47 65 27 27
0083_0024_0023_0059_0059.jpg 1 24 23 59 59
0084_0034_0053_0037_0037.jpg 1 34 53 37 37
0085_0023_0016_0033_0033.jpg 1 23 16 33 33
0086_0039_0027_0046_0046.jpg 1 39 27 46 46
0087_0017_0020_0056_0056.jpg 1 17 20 56 56
0088_0015_0012_0047_0047.jpg 1 15 12 47 47
0089_0029_0016_0026_0026.jpg 1 29 16 26 26
0090_0027_0023_0051_0051.jpg 1 27 23 51 51
0091_0033_0047_0044_0044.jpg 1 33 47 44 44
0092_0034_0030_0059_0059.jpg 1 34 30 59 59
0093_0010_0021_0050_0050.jpg 1 10 21 50 50
0094_0004_0028_0066_0066.jpg 1 4 28 66 66
0095_0038_0031_0053_0053.jpg 1 38 31 53 53
0096_0019_0010_0051_0051.jpg 1 19 10 51 51
0097_0020_0013_0042_0042.jpg 1 20 13 42 42
0098_0049_0033_0035_0035.jpg 1 49 33 35 35
0099_0014_0010_0068_0068.jpg 1 14 10 68 68
0100_0015_0023_0062_0062.jpg 1 15 23 62 62
0101_0022_0015_0065_0065.jpg 1 22 15 65 65
0102_0025_0040_0039_0039.jpg 1 25 40 39 39
0103_0035_0029_0054_0054.jpg 1 35 29 54 54
0104_0009_0006_0054_0054.jpg 1 9 6 54 54
0105_0046_0032_0048_0048.jpg 1 46 32 48 48
0106_0024_0048_0041_0041.jpg 1 24 48 41 41
0107_0019_0027_0047_0047.jpg 1 19 27 47 47
0108_0012_0063_0029_0029.jpg 1 12 63 29 29
0109_0027_0024_0060_0060.jpg 1 27 24 60 60
0110_0024_0017_0060_0060.jpg 1 24 17 60 60
0111_0037_0017_0055_0055.jpg 1 37 17 55 55
0112_0033_0034_0051_0051.jpg 1 33 34 51 51
0113_0029_0022_0066_0066.jpg 1 29 22 66 66
0114_0034_0007_0060_0060.jpg 1 34 7 60 60
0115_0036_0013_0052_0052.jpg 1 36 13 52 52
0116_0050_0041_0034_0034.jpg 1 50 41 34 34
0117_0020_0032_0056_0056.jpg 1 20 32 56 56
0118_0050_0034_0043_0043.jpg 1 50 34 43 43
0119_0028_0028_0052_0052.jpg 1 28 28 52 52
0120_0022_0007_0045_0045.jpg 1 22 7 45 45
0121_0016_0020_0063_0063.jpg 1 16 20 63 63
0122_0040_0005_0055_0055.jpg 1 40 5 55 55
0123_0011_0014_0050_0050.jpg 1 11 14 50 50
0124_0005_0023_0068_0068.jpg 1 5 23 68 68
0125_0006_0025_0059_0059.jpg 1 6 25 59 59
0126_0011_0027_0030_0030.jpg 1 11 27 30 30
0127_0041_0007_0047_0047.jpg 1 41 7 47 47
0128_0024_0023_0057_0057.jpg 1 24 23 57 57
0129_0006_0011_0066_0066.jpg 1 6 11 66 66
0130_0025_0026_0064_0064.jpg 1 25 26 64 64
0131_0022_0026_0066_0066.jpg 1 22 26 66 66
0132_0052_0010_0024_0024.jpg 1 52 10 24 24
0133_0018_0014_0061_0061.jpg 1 18 14 61 61
0134_0008_0019_0057_0057.jpg 1 8 19 57 57
0135_0026_0020_0061_0061.jpg 1 26 20 61 61
0136_0028_0032_0028_0028.jpg 1 28 32 28 28
0137_0034_0020_0048_0048.jpg 1 34 20 48 48
0138_0014_0018_0046_0046.jpg 1 14 18 46 46
0139_0015_0032_0055_0055.jpg 1 15 32 55 55
0140_0030_0031_0047_0047.jpg 1 30 31 47 47
0141_0006_0032_0036_0036.jpg 1 6 32 36 36
0142_0058_0020_0030_0030.jpg 1 58 20 30 30
0143_0008_0014_0041_0041.jpg 1 8 14 41 41
0144_0010_0010_0064_0064.jpg 1 10 10 64 64
0145_0021_0029_0064_0064.jpg 1 21 29 64 64
0146_0022_0030_0064_0064.jpg 1 22 30 64 64
0147_0013_0017_0065_0065.jpg 1 13 17 65 65
0148_0029_0040_0050_0050.jpg 1 29 40 50 50
0149_0034_0011_0036_0036.jpg 1 34 11 36 36
0150_0037_0034_0046_0046.jpg 1 37 34 46 46
0151_0023_0014_0060_0060.jpg 1 23 14 60 60
0152_0035_0009_0047_0047.jpg 1 35 9 47 47
0153_0022_0003_0069_0069.jpg 1 22 3 69 69
0154_0027_0034_0048_0048.jpg 1 27 34 48 48
0155_0030_0011_0034_0034.jpg 1 30 11 34 34
0156_0018_0024_0069_0069.jpg 1 18 24 69 69
0157_0020_0015_0065_0065.jpg 1 20 15 65 65
0158_0030_0041_0032_0032.jpg 1 30 41 32 32
0159_0032_0034_0060_0060.jpg 1 32 34 60 60
0160_0017_0021_0066_0066.jpg 1 17 21 66 66
0161_0014_0060_0028_0028.jpg 1 14 60 28 28
0162_0020_0021_0067_0067.jpg 1 20 21 67 67
0163_0033_0023_0047_0047.jpg 1 33 23 47 47
0164_0042_0035_0047_0047.jpg 1 42 35 47 47
0165_0029_0042_0040_0040.jpg 1 29 42 40 40
0166_0014_0043_0024_0024.jpg 1 14 43 24 24
0167_0013_0015_0052_0052.jpg 1 13 15 52 52
0168_0010_0012_0053_0053.jpg 1 10 12 53 53
0169_0033_0045_0030_0030.jpg 1 33 45 30 30
0170_0016_0008_0037_0037.jpg 1 16 8 37 37
0171_0010_0032_0054_0054.jpg 1 10 32 54 54
0172_0030_0029_0062_0062.jpg 1 30 29 62 62
0173_0006_0006_0041_0041.jpg 1 6 6 41 41
0174_0058_0023_0034_0034.jpg 1 58 23 34 34
0175_0013_0009_0039_0039.jpg 1 13 9 39 39
0176_0045_0006_0041_0041.jpg 1 45 6 41 41
0177_0033_0006_0046_0046.jpg 1 33 6 46 46
0178_0019_0022_0060_0060.jpg 1 19 22 60 60
0179_0010_0006_0048_0048.jpg 1 10 6 48 48
0180_0060_0024_0026_0026.jpg 1 60 24 26 26
0181_0043_0016_0033_0033.jpg 1 43 16 33 33
0182_0041_0018_0024_0024.jpg 1 41 18 24 24
0183_0015_0005_0066_0066.jpg 1 15 5 66 66
0184_0046_0044_0042_0042.jpg 1 46 44 42 42
0185_0008_0031_0032_0032.jpg 1 8 31 32 32
0186_0040_0019_0028_0028.jpg 1 40 19 28 28
0187_0020_0048_0036_0036.jpg 1 20 48 36 36
0188_0027_0053_0037_0037.jpg 1 27 53 37 37
0189_0024_0012_0064_0064.jpg 1 24 12 64 64
0190_0041_0025_0024_0024.jpg 1 41 25 24 24
0191_0017_0033_0061_0061.jpg 1 17 33 61 61
0192_0052_0007_0024_0024.jpg 1 52 7 24 24
0193_0031_0058_0030_0030.jpg 1 31 58 30 30
0194_0041_0025_0049_0049.jpg 1 41 25 49 49
0195_0043_0040_0050_0050.jpg 1 43 40 50 50
0196_0013_0062_0026_0026.jpg 1 13 62 26 26
0197_0004_0024_0055_0055.jpg 1 4 24 55 55
0198_0018_0028_0068_0068.jpg 1 18 28 68 68
0199_0046_0010_0045_0045.jpg 1 46 10 45 45
0200_0007_0011_0064_0064.jpg 1 7 11 64 64
0201_0043_0051_0030_0030.jpg 1 43 51 30 30
0202_0040_0063_0025_0025.jpg 1 40 63 25 25
0203_0024_0028_0052_0052.jpg 1 24 28 52 52
0204_0021_0037_0044_0044.jpg 1 21 37 44 44
0205_0010_0016_0069_0069.jpg 1 10 16 69 69
0206_0018_0005_0058_0058.jpg 1 18 5 58 58
0207_0011_0007_0039_0039.jpg 1 11 7 39 39
0208_0012_0006_0061_0061.jpg 1 12 6 61 61
0209_0012_0037_0033_0033.jpg 1 12 37 33 33
0210_0015_0018_0041_0041.jpg 1 15 18 41 41
0211_0021_0026_0031_0031.jpg 1 21 26 31 31
0212_0008_0027_0046_0046.jpg 1 8 27 46 46
0213_0037_0039_0046_0046.jpg 1 37 39 46 46
0214_0014_0010_0059_0059.jpg 1 14 10 59 59
0215_0031_0040_0046_0046.jpg 1 31 40 46 46
0216_0017_0026_0039_0039.jpg 1 17 26 39 39
0217_0018_0033_0059_0059.jpg 1 18 33 59 59
0218_0024_0005_0063_0063.jpg 1 24 5 63 63
0219_0009_0022_0049_0049.jpg 1 9 22 49 49
0220_0016_0023_0051_0051.jpg 1 16 23 51 51
0221_0035_0043_0043_0043.jpg 1 35 43 43 43
0222_0024_0023_0055_0055.jpg 1 24 23 55 55
0223_0043_0044_0048_0048.jpg 1 43 44 48 48
0224_0021_0033_0061_0061.jpg 1 21 33 61 61
0225_0028_0026_0050_0050.jpg 1 28 26 50 50
0226_0008_0033_0052_0052.jpg 1 8 33 52 52
0227_0026_0031_0056_0056.jpg 1 26 31 56 56
0228_0038_0010_0044_0044.jpg 1 38 10 44 44
0229_0027_0012_0030_0030.jpg 1 27 12 30 30
0230_0025_0017_0045_0045.jpg 1 25 17 45 45
0231_0061_0054_0028_0028.jpg 1 61 54 28 28
0232_0047_0007_0033_0033.jpg 1 47 7 33 33
0233_0043_0045_0036_0036.jpg 1 43 45 36 36
0234_0031_0027_0033_0033.jpg 1 31 27 33 33
0235_0038_0017_0048_0048.jpg 1 38 17 48 48
0236_0044_0031_0032_0032.jpg 1 44 31 32 32
0237_0008_0009_0053_0053.jpg 1 8 9 53 53
0238_0008_0012_0048_0048.jpg 1 8 12 48 48
0239_0017_0008_0061_0061.jpg 1 17 8 61 61
0240_0015_0023_0057_0057.jpg 1 15 23 57 57
0241_0020_0022_0060_0060.jpg 1 20 22 60 60
0242_0022_0047_0026_0026.jpg 1 22 47 26 26
0243_0015_0017_0055_0055.jpg 1 15 17 55 55
0244_0020_0005_0057_0057.jpg 1 20 5 57 57
0245_0015_0051_0028_0028.jpg 1 15 51 28 28
0246_0016_0014_0050_0050.jpg 1 16 14 50 50
0247_0040_0038_0026_0026.jpg 1 40 38 26 26
0248_0021_0019_0043_0043.jpg 1 21 19 43 43
0249_0012_0019_0045_0045.jpg 1 12 19 45 45
0250_0021_0044_0026_0026.jpg 1 21 44 26 26
0251_0019_0022_0058_0058.jpg 1 19 22 58 58
0252_0022_0028_0062_0062.jpg 1 22 28 62 62
0253_0031_0018_0058_0058.jpg 1 31 18 58 58
0254_0026_0032_0054_0054.jpg 1 26 32 54 54
0255_0055_0038_0036_0036.jpg 1 55 38 36 36
0256_0017_0007_0064_0064.jpg 1 17 7 64 64
0257_0037_0014_0044_0044.jpg 1 37 14 44 44
0258_0050_0022_0043_0043.jpg 1 50 22 43 43
0259_0028_0005_0057_0057.jpg 1 28 5 57 57
0260_0063_0062_0025_0025.jpg 1 63 62 25 25
0261_0008_0027_0063_0063.jpg 1 8 27 63 63
0262_0047_0016_0041_0041.jpg 1 47 16 41 41
0263_0028_0046_0043_0043.jpg 1 28 46 43 43
0264_0018_0041_0028_0028.jpg 1 18 41 28 28
0265_0043_0027_0047_0047.jpg 1 43 27 47 47
0266_0023_0025_0060_0060.jpg 1 23 25 60 60
0267_0007_0033_0042_0042.jpg 1 7 33 42 42
0268_0035_0021_0033_0033.jpg 1 35 21 33 33
0269_0020_0041_0045_0045.jpg 1 20 41 45 45
0270_0034_0018_0045_0045.jpg 1 34 18 45 45
0271_0012_0028_0068_0068.jpg 1 12 28 68 68
0272_0017_0021_0033_0033.jpg 1 17 21 33 33
0273_0022_0013_0067_0067.jpg 1 22 13 67 67
0274_0018_0020_0029_0029.jpg 1 18 20 29 29
0275_0047_0057_0028_0028.jpg 1 47 57 28 28
0276_0009_0023_0058_0058.jpg 1 9 23 58 58
0277_0030_0008_0066_0066.jpg 1 30 8 66 66
0278_0007_0011_0069_0069.jpg 1 7 11 69 69
0279_0011_0009_0062_0062.jpg 1 11 9 62 62
0280_0063_0060_0027_0027.jpg 1 63 60 27 27
0281_0009_0027_0030_0030.jpg 1 9 27 30 30
0282_0025_0013_0058_0058.jpg 1 25 13 58 58
0283_0028_0017_0067_0067.jpg 1 28 17 67 67
0284_0008_0012_0040_0040.jpg 1 8 12 40 40
0285_0014_0028_0067_0067.jpg 1 14 28 67 67
0286_0020_0059_0029_0029.jpg 1 20 59 29 29
0287_0033_0033_0053_0053.jpg 1 33 33 53 53
0288_0034_0017_0060_0060.jpg 1 34 17 60 60
0289_0036_0011_0058_0058.jpg 1 36 11 58 58
0290_0051_0055_0037_0037.jpg 1 51 55 37 37
0291_0019_0014_0068_0068.jpg 1 19 14 68 68
0292_0022_0043_0045_0045.jpg 1 22 43 45 45
0293_0026_0029_0037_0037.jpg 1 26 29 37 37
0294_0007_0048_0043_0043.jpg 1 7 48 43 43
0295_0029_0023_0067_0067.jpg 1 29 23 67 67
0296_0005_0028_0064_0064.jpg 1 5 28 64 64
0297_0006_0026_0036_0036.jpg 1 6 26 36 36
0298_0023_0021_0050_0050.jpg 1 23 21 50 50
0299_0019_0020_0027_0027.jpg 1 19 20 27 27
0300_0031_0025_0056_0056.jpg 1 31 25 56 56
0301_0038_0055_0038_0038.jpg 1 38 55 38 38
0302_0031_0024_0048_0048.jpg 1 31 24 48 48
0303_0028_0060_0030_0030.jpg 1 28 60 30 30
0304_0018_0017_0029_0029.jpg 1 18 17 29 29
0305_0031_0027_0065_0065.jpg 1 31 27 65 65
0306_0012_0010_0060_0060.jpg 1 12 10 60 60
0307_0025_0040_0039_0039.jpg 1 25 40 39 39
0308_0024_0007_0069_0069.jpg 1 24 7 69 69
0309_0055_0043_0036_0036.jpg 1 55 43 36 36
0310_0012_0042_0039_0039.jpg 1 12 42 39 39
0311_0051_0055_0038_0038.jpg 1 51 55 38 38
0312_0005_0020_0063_0063.jpg 1 5 20 63 63
0313_0009_0019_0050_0050.jpg 1 9 19 50 50
0314_0052_0011_0038_0038.jpg 1 52 11 38 38
0315_0006_0009_0065_0065.jpg 1 6 9 65 65
0316_0012_0028_0038_0038.jpg 1 12 28 38 38
0317_0012_0009_0046_0046.jpg 1 12 9 46 46
0318_0014_0054_0024_0024.jpg 1 14 54 24 24
0319_0021_0054_0039_0039.jpg 1 21 54 39 39
0320_0031_0054_0030_0030.jpg 1 31 54 30 30
0321_0029_0019_0054_0054.jpg 1 29 19 54 54
0322_0037_0040_0042_0042.jpg 1 37 40 42 42
0323_0039_0028_0038_0038.jpg 1 39 28 38 38
0324_0012_0026_0051_0051.jpg 1 12 26 51 51
0325_0014_0047_0028_0028.jpg 1 14 47 28 28
0326_0005_0004_0063_0063.jpg 1 5 4 63 63
0327_0054_0037_0035_0035.jpg 1 54 37 35 35
0328_0008_0036_0046_0046.jpg 1 8 36 46 46
0329_0046_0017_0042_0042.jpg 1 46 17 42 42
0330_0011_0013_0057_0057.jpg 1 11 13 57 57
0331_0048_0039_0044_0044.jpg 1 48 39 44 44
0332_0022_0010_0046_0046.jpg 1 22 10 46 46
0333_0018_0025_0062_0062.jpg 1 18 25 62 62
0334_0029_0024_0056_0056.jpg 1 29 24 56 56
0335_0043_0009_0035_0035.jpg 1 43 9 35 35
0336_0013_0046_0032_0032.jpg 1 13 46 32 32
0337_0041_0021_0040_0040.jpg 1 41 21 40 40
0338_0005_0010_0061_0061.jpg 1 5 10 61 61
0339_0018_0030_0055_0055.jpg 1 18 30 55 55
0340_0030_0029_0062_0062.jpg 1 30 29 62 62
0341_0011_0049_0044_0044.jpg 1 11 49 44 44
0342_0003_0025_0068_0068.jpg 1 3 25 68 68
0343_0007_0024_0025_0025.jpg 1 7 24 25 25
0344_0031_0012_0061_0061.jpg 1 31 12 61 61
0345_0007_0026_0069_0069.jpg 1 7 26 69 69
0346_0030_0028_0047_0047.jpg 1 30 28 47 47
0347_0037_0040_0052_0052.jpg 1 37 40 52 52
0348_0036_0042_0052_0052.jpg 1 36 42 52 52
0349_0031_0025_0049_0049.jpg 1 31 25 49 49
0350_0036_0005_0057_0057.jpg 1 36 5 57 57
0351_0025_0018_0067_0067.jpg 1 25 18 67 67
0352_0051_0034_0026_0026.jpg 1 51 34 26 26
0353_0037_0014_0048_0048.jpg 1 37 14 48 48
0354_0039_0013_0051_0051.jpg 1 39 13 51 51
0355_0034_0010_0045_0045.jpg 1 34 10 45 45
0356_0006_0027_0064_0064.jpg 1 6 27 64 64
0357_0020_0004_0063_0063.jpg 1 20 4 63 63
0358_0018_0004_0066_0066.jpg 1 18 4 66 66
0359_0011_0010_0035_0035.jpg 1 11 10 35 35
0360_0062_0054_0028_0028.jpg 1 62 54 28 28
0361_0027_0028_0066_0066.jpg 1 27 28 66 66
0362_0029_0027_0054_0054.jpg 1 29 27 54 54
0363_0020_0011_0054_0054.jpg 1 20 11 54 54
0364_0017_0006_0049_0049.jpg 1 17 6 49 49
0365_0039_0005_0055_0055.jpg 1 39 5 55 55
0366_0013_0031_0031_0031.jpg 1 13 31 31 31
0367_0061_0039_0024_0024.jpg 1 61 39 24 24
0368_0019_0055_0025_0025.jpg 1 19 55 25 25
0369_0004_0017_0054_0054.jpg 1 4 17 54 54
0370_0008_0055_0030_0030.jpg 1 8 55 30 30
0371_0004_0017_0065_0065.jpg 1 4 17 65 65
0372_0015_0027_0069_0069.jpg 1 15 27 69 69
0373_0040_0030_0040_0040.jpg 1 40 30 40 40
0374_0045_0032_0048_0048.jpg 1 45 32 48 48
0375_0022_0005_0060_0060.jpg 1 22 5 60 60
0376_0049_0018_0032_0032.jpg 1 49 18 32 32
0377_0016_0009_0068_0068.jpg 1 16 9 68 68
0378_0037_0025_0028_0028.jpg 1 37 25 28 28
0379_0021_0035_0057_0057.jpg 1 21 35 57 57
0380_0007_0054_0036_0036.jpg 1 7 54 36 36
0381_0051_0052_0032_0032.jpg 1 51 52 32 32
0382_0046_0025_0045_0045.jpg 1 46 25 45 45
0383_0005_0038_0052_0052.jpg 1 5 38 52 52
0384_0022_0005_0062_0062.jpg 1 22 5 62 62
0385_0028_0035_0026_0026.jpg 1 28 35 26 26
0386_0027_0006_0062_0062.jpg 1 27 6 62 62
0387_0010_0011_0032_0032.jpg 1 10 11 32 32
0388_0019_0040_0047_0047.jpg 1 19 40 47 47
0389_0031_0023_0057_0057.jpg 1 31 23 57 57
0390_0031_0008_0040_0040.jpg 1 31 8 40 40
0391_0010_0030_0065_0065.jpg 1 10 30 65 65
0392_0043_0033_0032_0032.jpg 1 43 33 32 32
0393_0038_0021_0035_0035.jpg 1 38 21 35 35
0394_0023_0025_0043_0043.jpg 1 23 25 43 43
0395_0044_0016_0045_0045.jpg 1 44 16 45 45
0396_0021_0021_0069_0069.jpg 1 21 21 69 69
0397_0005_0035_0055_0055.jpg 1 5 35 55 55
0398_0010_0017_0069_0069.jpg 1 10 17 69 69
0399_0017_0042_0045_0045.jpg 1 17 42 45 45
0400_0013_0021_0064_0064.jpg 1 13 21 64 64
0401_0045_0042_0040_0040.jpg 1 45 42 40 40
0402_0022_0006_0069_0069.jpg 1 22 6 69 69
0403_0035_0026_0038_0038.jpg 1 35 26 38 38
0404_0058_0038_0030_0030.jpg 1 58 38 30 30
0405_0004_0014_0068_0068.jpg 1 4 14 68 68
0406_0019_0025_0053_0053.jpg 1 19 25 53 53
0407_0050_0029_0033_0033.jpg 1 50 29 33 33
0408_0056_0018_0034_0034.jpg 1 56 18 34 34
0409_0007_0020_0065_0065.jpg 1 7 20 65 65
0410_0021_0031_0059_0059.jpg 1 21 31 59 59
0411_0015_0062_0029_0029.jpg 1 15 62 29 29
0412_0035_0015_0052_0052.jpg 1 35 15 52 52
0413_0034_0035_0028_0028.jpg 1 34 35 28 28
0414_0020_0021_0057_0057.jpg 1 20 21 57 57
0415_0024_0015_0050_0050.jpg 1 24 15 50 50
0416_0057_0010_0025_0025.jpg 1 57 10 25 25
0417_0025_0008_0057_0057.jpg 1 25 8 57 57
0418_0009_0011_0059_0059.jpg 1 9 11 59 59
0419_0013_0014_0062_0062.jpg 1 13 14 62 62
0420_0032_0033_0027_0027.jpg 1 32 33 27 27
0421_0040_0020_0044_0044.jpg 1 40 20 44 44
0422_0019_0012_0061_0061.jpg 1 19 12 61 61
0423_0031_0027_0034_0034.jpg 1 31 27 34 34
0424_0042_0060_0030_0030.jpg 1 42 60 30 30
0425_0009_0031_0063_0063.jpg 1 9 31 63 63
0426_0007_0039_0056_0056.jpg 1 7 39 56 56
0427_0037_0046_0048_0048.jpg 1 37 46 48 48
0428_0026_0018_0044_0044.jpg 1 26 18 44 44
0429_0014_0033_0037_0037.jpg 1 14 33 37 37
0430_0028_0008_0047_0047.jpg 1 28 8 47 47
0431_0068_0016_0024_0024.jpg 1 68 16 24 24
0432_0025_0008_0031_0031.jpg 1 25 8 31 31
0433_0028_0046_0042_0042.jpg 1 28 46 42 42
0434_0054_0048_0034_0034.jpg 1 54 48 34 34
0435_0029_0020_0055_0055.jpg 1 29 20 55 55
0436_0060_0029_0031_0031.jpg 1 60 29 31 31
0437_0017_0033_0039_0039.jpg 1 17 33 39 39
0438_0035_0014_0058_0058.jpg 1 35 14 58 58
0439_0037_0020_0040_0040.jpg 1 37 20 40 40
0440_0049_0026_0034_0034.jpg 1 49 26 34 34
0441_0028_0013_0038_0038.jpg 1 28 13 38 38
0442_0015_0036_0057_0057.jpg 1 15 36 57 57
0443_0005_0025_0055_0055.jpg 1 5 25 55 55
0444_0014_0022_0053_0053.jpg 1 14 22 53 53
0445_0031_0040_0055_0055.jpg 1 31 40 55 55
0446_0020_0013_0066_0066.jpg 1 20 13 66 66
0447_0008_0061_0031_0031.jpg 1 8 61 31 31
0448_0016_0036_0024_0024.jpg 1 16 36 24 24
0449_0009_0035_0056_0056.jpg 1 9 35 56 56
0450_0020_0025_0037_0037.jpg 1 20 25 37 37
0451_0013_0010_0067_0067.jpg 1 13 10 67 67
0452_0026_0044_0037_0037.jpg 1 26 44 37 37
0453_0025_0019_0024_0024.jpg 1 25 19 24 24
0454_0006_0011_0056_0056.jpg 1 6 11 56 56
0455_0027_0050_0027_0027.jpg 1 27 50 27 27
0456_0023_0007_0039_0039.jpg 1 23 7 39 39
0457_0022_0042_0026_0026.jpg 1 22 42 26 26
0458_0027_0009_0037_0037.jpg 1 27 9 37 37
0459_0048_0040_0031_0031.jpg 1 48 40 31 31
0460_0013_0054_0032_0032.jpg 1 13 54 32 32
0461_0026_0035_0058_0058.jpg 1 26 35 58 58
0462_0010_0010_0068_0068.jpg 1 10 10 68 68
0463_0022_0028_0030_0030.jpg 1 22 28 30 30
0464_0008_0042_0034_0034.jpg 1 8 42 34 34
0465_0055_0018_0026_0026.jpg 1 55 18 26 26
0466_0015_0020_0036_0036.jpg 1 15 20 36 36
0467_0033_0030_0054_0054.jpg 1 33 30 54 54
0468_0016_0023_0049_0049.jpg 1 16 23 49 49
0469_0032_0031_0058_0058.jpg 1 32 31 58 58
0470_0007_0037_0045_0045.jpg 1 7 37 45 45
0471_0013_0009_0057_0057.jpg 1 13 9 57 57
0472_0027_0036_0033_0033.jpg 1 27 36 33 33
0473_0041_0031_0044_0044.jpg 1 41 31 44 44
0474_0007_0012_0051_0051.jpg 1 7 12 51 51
0475_0015_0016_0064_0064.jpg 1 15 16 64 64
0476_0026_0026_0047_0047.jpg 1 26 26 47 47
0477_0031_0022_0060_0060.jpg 1 31 22 60 60
0478_0049_0049_0043_0043.jpg 1 49 49 43 43
0479_0025_0016_0060_0060.jpg 1 25 16 60 60
0480_0017_0023_0055_0055.jpg 1 17 23 55 55
0481_0009_0023_0048_0048.jpg 1 9 23 48 48
0482_0030_0014_0050_0050.jpg 1 30 14 50 50
0483_0044_0058_0029_0029.jpg 1 44 58 29 29
0484_0016_0028_0059_0059.jpg 1 16 28 59 59
0485_0030_0013_0035_0035.jpg 1 30 13 35 35
0486_0051_0044_0038_0038.jpg 1 51 44 38 38
0487_0016_0015_0047_0047.jpg 1 16 15 47 47
0488_0013_0024_0067_0067.jpg 1 13 24 67 67
0489_0058_0022_0029_0029.jpg 1 58 22 29 29
0490_0028_0016_0057_0057.jpg 1 28 16 57 57
0491_0003_0006_0067_0067.jpg 1 3 6 67 67
0492_0031_0009_0065_0065.jpg 1 31 9 65 65
0493_0010_0035_0056_0056.jpg 1 10 35 56 56
0494_0014_0016_0065_0065.jpg 1 14 16 65 65
0495_0008_0044_0044_0044.jpg 1 8 44 44 44
0496_0029_0026_0063_0063.jpg 1 29 26 63 63
0497_0026_0019_0038_0038.jpg 1 26 19 38 38
0498_0021_0029_0047_0047.jpg 1 21 29 47 47
0499_0021_0014_0065_0065.jpg 1 21 14 65 65
0500_0047_0051_0033_0033.jpg 1 47 51 33 33
0501_0045_0042_0046_0046.jpg 1 45 42 46 46
0502_0026_0026_0024_0024.jpg 1 26 26 24 24
0503_0047_0049_0033_0033.jpg 1 47 49 33 33
0504_0045_0021_0042_0042.jpg 1 45 21 42 42
0505_0024_0036_0038_0038.jpg 1 24 36 38 38
0506_0006_0005_0049_0049.jpg 1 6 5 49 49
0507_0032_0033_0063_0063.jpg 1 32 33 63 63
0508_0010_0024_0038_0038.jpg 1 10 24 38 38
0509_0051_0026_0035_0035.jpg 1 51 26 35 35
0510_0040_0017_0045_0045.jpg 1 40 17 45 45
0511_0042_0022_0028_0028.jpg 1 42 22 28 28
0512_0016_0014_0064_0064.jpg 1 16 14 64 64
0513_0008_0008_0065_0065.jpg 1 8 8 65 65
0514_0035_0008_0047_0047.jpg 1 35 8 47 47
0515_0004_0015_0068_0068.jpg 1 4 15 68 68
0516_0015_0007_0030_0030.jpg 1 15 7 30 30
0517_0004_0026_0063_0063.jpg 1 4 26 63 63
0518_0008_0018_0029_0029.jpg 1 8 18 29 29
0519_0019_0005_0062_0062.jpg 1 19 5 62 62
0520_0026_0021_0048_0048.jpg 1 26 21 48 48
0521_0025_0022_0034_0034.jpg 1 25 22 34 34
0522_0008_0023_0069_0069.jpg 1 8 23 69 69
0523_0036_0037_0054_0054.jpg 1 36 37 54 54
0524_0007_0036_0031_0031.jpg 1 7 36 31 31
0525_0011_0019_0029_0029.jpg 1 11 19 29 29
0526_0027_0014_0053_0053.jpg 1 27 14 53 53
0527_0027_0033_0052_0052.jpg 1 27 33 52 52
0528_0019_0036_0040_0040.jpg 1 19 36 40 40
0529_0023_0019_0050_0050.jpg 1 23 19 50 50
0530_0035_0029_0040_0040.jpg 1 35 29 40 40
0531_0029_0026_0065_0065.jpg 1 29 26 65 65
0532_0032_0022_0040_0040.jpg 1 32 22 40 40
0533_0018_0035_0041_0041.jpg 1 18 35 41 41
0534_0018_0025_0068_0068.jpg 1 18 25 68 68
0535_0009_0030_0061_0061.jpg 1 9 30 61 61
0536_0019_0031_0051_0051.jpg 1 19 31 51 51
0537_0011_0007_0063_0063.jpg 1 11 7 63 63
0538_0008_0007_0054_0054.jpg 1 8 7 54 54
0539_0013_0035_0058_0058.jpg 1 13 35 58 58
0540_0022_0004_0066_0066.jpg 1 22 4 66 66
0541_0046_0007_0037_0037.jpg 1 46 7 37 37
0542_0006_0010_0064_0064.jpg 1 6 10 64 64
0543_0039_0040_0036_0036.jpg 1 39 40 36 36
0544_0013_0037_0050_0050.jpg 1 13 37 50 50
0545_0053_0048_0039_0039.jpg 1 53 48 39 39
0546_0040_0033_0032_0032.jpg 1 40 33 32 32
0547_0006_0018_0054_0054.jpg 1 6 18 54 54
0548_0036_0031_0039_0039.jpg 1 36 31 39 39
0549_0019_0016_0054_0054.jpg 1 19 16 54 54
0550_0010_0046_0033_0033.jpg 1 10 46 33 33
0551_0015_0019_0069_0069.jpg 1 15 19 69 69
0552_0040_0039_0055_0055.jpg 1 40 39 55 55
0553_0028_0038_0052_0052.jpg 1 28 38 52 52
0554_0035_0014_0042_0042.jpg 1 35 14 42 42
0555_0009_0022_0053_0053.jpg 1 9 22 53 53
0556_0027_0005_0057_0057.jpg 1 27 5 57 57
0557_0022_0019_0053_0053.jpg 1 22 19 53 53
0558_0033_0019_0051_0051.jpg 1 33 19 51 51
0559_0047_0043_0045_0045.jpg 1 47 43 45 45
0560_0057_0033_0033_0033.jpg 1 57 33 33 33
0561_0033_0016_0037_0037.jpg 1 33 16 37 37
0562_0023_0044_0025_0025.jpg 1 23 44 25 25
0563_0049_0005_0043_0043.jpg 1 49 5 43 43
0564_0028_0042_0046_0046.jpg 1 28 42 46 46
0565_0007_0034_0041_0041.jpg 1 7 34 41 41
0566_0050_0033_0028_0028.jpg 1 50 33 28 28
0567_0013_0011_0068_0068.jpg 1 13 11 68 68
0568_0008_0025_0068_0068.jpg 1 8 25 68 68
0569_0024_0018_0063_0063.jpg 1 24 18 63 63
0570_0041_0010_0026_0026.jpg 1 41 10 26 26
0571_0050_0042_0038_0038.jpg 1 50 42 38 38
0572_0018_0042_0046_0046.jpg 1 18 42 46 46
0573_0008_0009_0049_0049.jpg 1 8 9 49 49
0574_0010_0043_0046_0046.jpg 1 10 43 46 46
0575_0059_0015_0032_0032.jpg 1 59 15 32 32
0576_0045_0008_0040_0040.jpg 1 45 8 40 40
0577_0023_0015_0062_0062.jpg 1 23 15 62 62
0578_0035_0060_0027_0027.jpg 1 35 60 27 27
0579_0038_0016_0025_0025.jpg 1 38 16 25 25
0580_0022_0012_0059_0059.jpg 1 22 12 59 59
0581_0059_0031_0033_0033.jpg 1 59 31 33 33
0582_0015_0015_0031_0031.jpg 1 15 15 31 31
0583_0057_0059_0034_0034.jpg 1 57 59 34 34
0584_0009_0008_0069_0069.jpg 1 9 8 69 69
0585_0011_0012_0067_0067.jpg 1 11 12 67 67
0586_0007_0026_0063_0063.jpg 1 7 26 63 63
0587_0053_0013_0037_0037.jpg 1 53 13 37 37
0588_0028_0012_0025_0025.jpg 1 28 12 25 25
0589_0022_0009_0060_0060.jpg 1 22 9 60 60
0590_0027_0024_0050_0050.jpg 1 27 24 50 50
0591_0027_0036_0046_0046.jpg 1 27 36 46 46
0592_0010_0030_0031_0031.jpg 1 10 30 31 31
0593_0048_0020_0040_0040.jpg 1 48 20 40 40
0594_0038_0033_0042_0042.jpg 1 38 33 42 42
0595_0010_0023_0057_0057.jpg 1 10 23 57 57
0596_0048_0042_0026_0026.jpg 1 48 42 26 26
0597_0037_0010_0045_0045.jpg 1 37 10 45 45
0598_0021_0015_0042_0042.jpg 1 21 15 42 42
0599_0006_0027_0068_0068.jpg 1 6 27 68 68
0600_0052_0047_0027_0027.jpg 1 52 47 27 27
0601_0008_0023_0055_0055.jpg 1 8 23 55 55
0602_0020_0033_0051_0051.jpg 1 20 33 51 51
0603_0029_0034_0033_0033.jpg 1 29 34 33 33
0604_0016_0015_0060_0060.jpg 1 16 15 60 60
0605_0010_0030_0066_0066.jpg 1 10 30 66 66
0606_0048_0023_0044_0044.jpg 1 48 23 44 44
0607_0015_0024_0061_0061.jpg 1 15 24 61 61
0608_0017_0023_0059_0059.jpg 1 17 23 59 59
0609_0017_0053_0039_0039.jpg 1 17 53 39 39
0610_0012_0048_0024_0024.jpg 1 12 48 24 24
0611_0015_0023_0043_0043.jpg 1 15 23 43 43
0612_0020_0013_0049_0049.jpg 1 20 13 49 49
0613_0039_0019_0039_0039.jpg 1 39 19 39 39
0614_0007_0035_0042_0042.jpg 1 7 35 42 42
0615_0009_0012_0060_0060.jpg 1 9 12 60 60
0616_0014_0019_0067_0067.jpg 1 14 19 67 67
0617_0013_0024_0043_0043.jpg 1 13 24 43 43
0618_0012_0037_0056_0056.jpg 1 12 37 56 56
0619_0043_0031_0040_0040.jpg 1 43 31 40 40
0620_0046_0038_0045_0045.jpg 1 46 38 45 45
0621_0057_0045_0034_0034.jpg 1 57 45 34 34
0622_0028_0008_0054_0054.jpg 1 28 8 54 54
0623_0040_0024_0053_0053.jpg 1 40 24 53 53
0624_0032_0011_0056_0056.jpg 1 32 11 56 56
0625_0017_0021_0065_0065.jpg 1 17 21 65 65
0626_0038_0023_0036_0036.jpg 1 38 23 36 36
0627_0024_0029_0066_0066.jpg 1 24 29 66 66
0628_0029_0019_0065_0065.jpg 1 29 19 65 65
0629_0009_0009_0065_0065.jpg 1 9 9 65 65
0630_0007_0045_0030_0030.jpg 1 7 45 30 30
0631_0039_0013_0050_0050.jpg 1 39 13 50 50
0632_0029_0035_0052_0052.jpg 1 29 35 52 52
0633_0018_0020_0050_0050.jpg 1 18 20 50 50
0634_0016_0025_0055_0055.jpg 1 16 25 55 55
0635_0050_0038_0025_0025.jpg 1 50 38 25 25
0636_0049_0020_0041_0041.jpg 1 49 20 41 41
0637_0062_0023_0030_0030.jpg 1 62 23 30 30
0638_0033_0030_0063_0063.jpg 1 33 30 63 63
0639_0025_0014_0056_0056.jpg 1 25 14 56 56
0640_0061_0047_0025_0025.jpg 1 61 47 25 25
0641_0017_0043_0037_0037.jpg 1 17 43 37 37
0642_0015_0008_0033_0033.jpg 1 15 8 33 33
0643_0009_0050_0030_0030.jpg 1 9 50 30 30
0644_0020_0023_0041_0041.jpg 1 20 23 41 41
0645_0033_0009_0048_0048.jpg 1 33 9 48 48
0646_0005_0020_0060_0060.jpg 1 5 20 60 60
0647_0022_0036_0058_0058.jpg 1 22 36 58 58
0648_0030_0055_0034_0034.jpg 1 30 55 34 34
0649_0024_0044_0042_0042.jpg 1 24 44 42 42
0650_0035_0018_0055_0055.jpg 1 35 18 55 55
0651_0005_0030_0066_0066.jpg 1 5 30 66 66
0652_0028_0032_0032_0032.jpg 1 28 32 32 32
0653_0006_0020_0052_0052.jpg 1 6 20 52 52
0654_0043_0039_0029_0029.jpg 1 43 39 29 29
0655_0018_0019_0066_0066.jpg 1 18 19 66 66
0656_0043_0026_0049_0049.jpg 1 43 26 49 49
0657_0045_0040_0042_0042.jpg 1 45 40 42 42
0658_0019_0007_0068_0068.jpg 1 19 7 68 68
0659_0009_0009_0036_0036.jpg 1 9 9 36 36
0660_0015_0020_0061_0061.jpg 1 15 20 61 61
0661_0024_0022_0064_0064.jpg 1 24 22 64 64
0662_0034_0010_0052_0052.jpg 1 34 10 52 52
0663_0017_0015_0065_0065.jpg 1 17 15 65 65
0664_0058_0063_0027_0027.jpg 1 58 63 27 27
0665_0042_0042_0049_0049.jpg 1 42 42 49 49
0666_0025_0030_0059_0059.jpg 1 25 30 59 59
0667_0030_0044_0042_0042.jpg 1 30 44 42 42
0668_0008_0025_0067_0067.jpg 1 8 25 67 67
0669_0031_0018_0040_0040.jpg 1 31 18 40 40
0670_0028_0027_0062_0062.jpg 1 28 27 62 62
0671_0052_0047_0032_0032.jpg 1 52 47 32 32
0672_0016_0017_0062_0062.jpg 1 16 17 62 62
0673_0007_0033_0056_0056.jpg 1 7 33 56 56
0674_0028_0033_0056_0056.jpg 1 28 33 56 56
0675_0012_0019_0063_0063.jpg 1 12 19 63 63
0676_0036_0056_0035_0035.jpg 1 36 56 35 35
0677_0030_0021_0054_0054.jpg 1 30 21 54 54
0678_0032_0026_0043_0043.jpg 1 32 26 43 43
0679_0019_0043_0052_0052.jpg 1 19 43 52 52
0680_0018_0005_0049_0049.jpg 1 18 5 49 49
0681_0007_0033_0053_0053.jpg 1 7 33 53 53
0682_0029_0043_0043_0043.jpg 1 29 43 43 43
0683_0043_0019_0024_0024.jpg 1 43 19 24 24
0684_0022_0030_0028_0028.jpg 1 22 30 28 28
0685_0009_0035_0053_0053.jpg 1 9 35 53 53
0686_0006_0025_0069_0069.jpg 1 6 25 69 69
0687_0004_0023_0058_0058.jpg 1 4 23 58 58
0688_0010_0035_0060_0060.jpg 1 10 35 60 60
0689_0027_0022_0049_0049.jpg 1 27 22 49 49
0690_0004_0004_0065_0065.jpg 1 4 4 65 65
0691_0035_0015_0046_0046.jpg 1 35 15 46 46
0692_0014_0025_0029_0029.jpg 1 14 25 29 29
0693_0050_0044_0026_0026.jpg 1 50 44 26 26
0694_0049_0032_0033_0033.jpg 1 49 32 33 33
0695_0040_0028_0048_0048.jpg 1 40 28 48 48
0696_0029_0029_0056_0056.jpg 1 29 29 56 56
0697_0029_0023_0036_0036.jpg 1 29 23 36 36
0698_0039_0038_0025_0025.jpg 1 39 38 25 25
0699_0006_0019_0059_0059.jpg 1 6 19 59 59
0700_0027_0004_0069_0069.jpg 1 27 4 69 69
0701_0039_0030_0046_0046.jpg 1 39 30 46 46
0702_0009_0033_0052_0052.jpg 1 9 33 52 52
0703_0009_0032_0057_0057.jpg 1 9 32 57 57
0704_0010_0019_0032_0032.jpg 1 10 19 32 32
0705_0028_0017_0067_0067.jpg 1 28 17 67 67
0706_0021_0046_0042_0042.jpg 1 21 46 42 42
0707_0026_0035_0031_0031.jpg 1 26 35 31 31
0708_0011_0037_0041_0041.jpg 1 11 37 41 41
0709_0039_0044_0050_0050.jpg 1 39 44 50 50
0710_0030_0012_0061_0061.jpg 1 30 12 61 61
0711_0047_0051_0026_0026.jpg 1 47 51 26 26
0712_0028_0018_0067_0067.jpg 1 28 18 67 67
0713_0015_0030_0060_0060.jpg 1 15 30 60 60
0714_0046_0025_0043_0043.jpg 1 46 25 43 43
0715_0014_0030_0036_0036.jpg 1 14 30 36 36
0716_0023_0016_0051_0051.jpg 1 23 16 51 51
0717_0019_0046_0041_0041.jpg 1 19 46 41 41
0718_0044_0051_0038_0038.jpg 1 44 51 38 38
0719_0021_0040_0030_0030.jpg 1 21 40 30 30
0720_0012_0024_0069_0069.jpg 1 12 24 69 69
0721_0023_0056_0034_0034.jpg 1 23 56 34 34
0722_0049_0017_0033_0033.jpg 1 49 17 33 33
0723_0038_0050_0042_0042.jpg 1 38 50 42 42
0724_0025_0046_0026_0026.jpg 1 25 46 26 26
0725_0053_0041_0041_0041.jpg 1 53 41 41 41
0726_0038_0018_0053_0053.jpg 1 38 18 53 53
0727_0037_0016_0058_0058.jpg 1 37 16 58 58
0728_0034_0019_0032_0032.jpg 1 34 19 32 32
0729_0017_0022_0068_0068.jpg 1 17 22 68 68
0730_0020_0009_0041_0041.jpg 1 20 9 41 41
0731_0038_0031_0053_0053.jpg 1 38 31 53 53
0732_0027_0036_0048_0048.jpg 1 27 36 48 48
0733_0057_0030_0028_0028.jpg 1 57 30 28 28
0734_0015_0006_0064_0064.jpg 1 15 6 64 64
0735_0015_0024_0066_0066.jpg 1 15 24 66 66
0736_0053_0034_0039_0039.jpg 1 53 34 39 39
0737_0066_0065_0026_0026.jpg 1 66 65 26 26
0738_0012_0037_0029_0029.jpg 1 12 37 29 29
0739_0021_0014_0068_0068.jpg 1 21 14 68 68
0740_0022_0044_0035_0035.jpg 1 22 44 35 35
0741_0032_0016_0042_0042.jpg 1 32 16 42 42
0742_0016_0009_0042_0042.jpg 1 16 9 42 42
0743_0019_0032_0059_0059.jpg 1 19 32 59 59
0744_0005_0019_0053_0053.jpg 1 5 19 53 53
0745_0019_0032_0056_0056.jpg 1 19 32 56 56
0746_0045_0014_0049_0049.jpg 1 45 14 49 49
0747_0039_0051_0043_0043.jpg 1 39 51 43 43
0748_0034_0017_0024_0024.jpg 1 34 17 24 24
0749_0021_0018_0049_0049.jpg 1 21 18 49 49
0750_0044_0018_0045_0045.jpg 1 44 18 45 45
0751_0046_0038_0038_0038.jpg 1 46 38 38 38
0752_0025_0008_0064_0064.jpg 1 25 8 64 64
0753_0024_0013_0064_0064.jpg 1 24 13 64 64
0754_0022_0010_0035_0035.jpg 1 22 10 35 35
0755_0043_0042_0042_0042.jpg 1 43 42 42 42
0756_0019_0037_0026_0026.jpg 1 19 37 26 26
0757_0031_0048_0040_0040.jpg 1 31 48 40 40
0758_0038_0046_0033_0033.jpg 1 38 46 33 33
0759_0022_0030_0030_0030.jpg 1 22 30 30 30
0760_0009_0018_0060_0060.jpg 1 9 18 60 60
0761_0007_0037_0032_0032.jpg 1 7 37 32 32
0762_0012_0051_0036_0036.jpg 1 12 51 36 36
0763_0012_0025_0035_0035.jpg 1 12 25 35 35
0764_0055_0007_0034_0034.jpg 1 55 7 34 34
0765_0067_0035_0024_0024.jpg 1 67 35 24 24
0766_0036_0018_0051_0051.jpg 1 36 18 51 51
0767_0055_0020_0033_0033.jpg 1 55 20 33 33
0768_0020_0007_0054_0054.jpg 1 20 7 54 54
0769_0026_0009_0054_0054.jpg 1 26 9 54 54
0770_0048_0047_0029_0029.jpg 1 48 47 29 29
0771_0034_0006_0060_0060.jpg 1 34 6 60 60
0772_0020_0016_0025_0025.jpg 1 20 16 25 25
0773_0056_0009_0029_0029.jpg 1 56 9 29 29
0774_0011_0023_0029_0029.jpg 1 11 23 29 29
0775_0032_0011_0050_0050.jpg 1 32 11 50 50
0776_0015_0041_0048_0048.jpg 1 15 41 48 48
0777_0016_0038_0024_0024.jpg 1 16 38 24 24
0778_0015_0019_0048_0048.jpg 1 15 19 48 48
0779_0014_0015_0058_0058.jpg 1 14 15 58 58
0780_0018_0052_0027_0027.jpg 1 18 52 27 27
0781_0024_0035_0058_0058.jpg 1 24 35 58 58
0782_0030_0016_0060_0060.jpg 1 30 16 60 60
0783_0018_0030_0051_0051.jpg 1 18 30 51 51
0784_0041_0027_0042_0042.jpg 1 41 27 42 42
0785_0051_0058_0024_0024.jpg 1 51 58 24 24
0786_0033_0018_0034_0034.jpg 1 33 18 34 34
0787_0043_0039_0034_0034.jpg 1 43 39 34 34
0788_0018_0012_0037_0037.jpg 1 18 12 37 37
0789_0038_0013_0054_0054.jpg 1 38 13 54 54
0790_0012_0017_0064_0064.jpg 1 12 17 64 64
0791_0060_0022_0028_0028.jpg 1 60 22 28 28
0792_0042_0023_0053_0053.jpg 1 42 23 53 53
0793_0031_0041_0034_0034.jpg 1 31 41 34 34
0794_0018_0033_0056_0056.jpg 1 18 33 56 56
0795_0025_0019_0039_0039.jpg 1 25 19 39 39
0796_0037_0024_0057_0057.jpg 1 37 24 57 57
0797_0031_0014_0064_0064.jpg 1 31 14 64 64
0798_0010_0021_0058_0058.jpg 1 10 21 58 58
0799_0055_0025_0029_0029.jpg 1 55 25 29 29
0800_0022_0034_0033_0033.jpg 1 22 34 33 33
0801_0033_0014_0043_0043.jpg 1 33 14 43 43
0802_0035_0029_0053_0053.jpg 1 35 29 53 53
0803_0060_0062_0028_0028.jpg 1 60 62 28 28
0804_0010_0020_0052_0052.jpg 1 10 20 52 52
0805_0042_0011_0041_0041.jpg 1 42 11 41 41
0806_0012_0021_0049_0049.jpg 1 12 21 49 49
0807_0019_0010_0060_0060.jpg 1 19 10 60 60
0808_0022_0010_0060_0060.jpg 1 22 10 60 60
0809_0030_0052_0031_0031.jpg 1 30 52 31 31
0810_0018_0009_0045_0045.jpg 1 18 9 45 45
0811_0051_0039_0032_0032.jpg 1 51 39 32 32
0812_0031_0030_0039_0039.jpg 1 31 30 39 39
0813_0013_0021_0053_0053.jpg 1 13 21 53 53
0814_0047_0053_0032_0032.jpg 1 47 53 32 32
0815_0020_0024_0069_0069.jpg 1 20 24 69 69
0816_0020_0045_0045_0045.jpg 1 20 45 45 45
0817_0025_0022_0064_0064.jpg 1 25 22 64 64
0818_0037_0033_0057_0057.jpg 1 37 33 57 57
0819_0057_0049_0028_0028.jpg 1 57 49 28 28
0820_0025_0015_0034_0034.jpg 1 25 15 34 34
0821_0009_0018_0051_0051.jpg 1 9 18 51 51
0822_0049_0013_0039_0039.jpg 1 49 13 39 39
0823_0064_0026_0028_0028.jpg 1 64 26 28 28
0824_0028_0004_0055_0055.jpg 1 28 4 55 55
0825_0013_0049_0037_0037.jpg 1 13 49 37 37
0826_0016_0044_0041_0041.jpg 1 16 44 41 41
0827_0010_0043_0041_0041.jpg 1 10 43 41 41
0828_0011_0020_0061_0061.jpg 1 11 20 61 61
0829_0035_0032_0043_0043.jpg 1 35 32 43 43
0830_0021_0022_0055_0055.jpg 1 21 22 55 55
0831_0017_0014_0066_0066.jpg 1 17 14 66 66
0832_0005_0019_0066_0066.jpg 1 5 19 66 66
0833_0049_0051_0028_0028.jpg 1 49 51 28 28
0834_0026_0039_0024_0024.jpg 1 26 39 24 24
0835_0036_0028_0059_0059.jpg 1 36 28 59 59
0836_0010_0008_0058_0058.jpg 1 10 8 58 58
0837_0035_0008_0051_0051.jpg 1 35 8 51 51
0838_0025_0024_0068_0068.jpg 1 25 24 68 68
0839_0047_0013_0031_0031.jpg 1 47 13 31 31
0840_0043_0010_0041_0041.jpg 1 43 10 41 41
0841_0034_0017_0039_0039.jpg 1 34 17 39 39
0842_0015_0034_0059_0059.jpg 1 15 34 59 59
0843_0036_0046_0038_0038.jpg 1 36 46 38 38
0844_0026_0038_0045_0045.jpg 1 26 38 45 45
0845_0011_0035_0049_0049.jpg 1 11 35 49 49
0846_0010_0011_0068_0068.jpg 1 10 11 68 68
0847_0033_0050_0039_0039.jpg 1 33 50 39 39
0848_0039_0026_0054_0054.jpg 1 39 26 54 54
0849_0053_0007_0038_0038.jpg 1 53 7 38 38
0850_0010_0052_0029_0029.jpg 1 10 52 29 29
0851_0032_0011_0040_0040.jpg 1 32 11 40 40
0852_0037_0019_0040_0040.jpg 1 37 19 40 40
0853_0019_0018_0053_0053.jpg 1 19 18 53 53
0854_0029_0021_0050_0050.jpg 1 29 21 50 50
0855_0013_0028_0058_0058.jpg 1 13 28 58 58
0856_0010_0012_0024_0024.jpg 1 10 12 24 24
0857_0024_0033_0054_0054.jpg 1 24 33 54 54
0858_0021_0013_0050_0050.jpg 1 21 13 50 50
0859_0051_0009_0037_0037.jpg 1 51 9 37 37
0860_0030_0024_0043_0043.jpg 1 30 24 43 43
0861_0004_0017_0061_0061.jpg 1 4 17 61 61
0862_0010_0022_0049_0049.jpg 1 10 22 49 49
0863_0042_0027_0049_0049.jpg 1 42 27 49 49
0864_0013_0033_0029_0029.jpg 1 13 33 29 29
0865_0016_0033_0042_0042.jpg 1 16 33 42 42
0866_0030_0035_0043_0043.jpg 1 30 35 43 43
0867_0030_0022_0058_0058.jpg 1 30 22 58 58
0868_0018_0039_0039_0039.jpg 1 18 39 39 39
0869_0034_0008_0059_0059.jpg 1 34 8 59 59
0870_0040_0028_0043_0043.jpg 1 40 28 43 43
0871_0027_0027_0061_0061.jpg 1 27 27 61 61
0872_0015_0032_0033_0033.jpg 1 15 32 33 33
0873_0043_0028_0041_0041.jpg 1 43 28 41 41
0874_0039_0031_0050_0050.jpg 1 39 31 50 50
0875_0011_0053_0029_0029.jpg 1 11 53 29 29
0876_0040_0016_0053_0053.jpg 1 40 16 53 53
0877_0026_0021_0046_0046.jpg 1 26 21 46 46
0878_0038_0031_0053_0053.jpg 1 38 31 53 53
0879_0021_0050_0039_0039.jpg 1 21 50 39 39
0880_0015_0040_0034_0034.jpg 1 15 40 34 34
0881_0028_0026_0025_0025.jpg 1 28 26 25 25
0882_0020_0022_0059_0059.jpg 1 20 22 59 59
0883_0036_0013_0044_0044.jpg 1 36 13 44 44
0884_0056_0048_0036_0036.jpg 1 56 48 36 36
0885_0024_0018_0065_0065.jpg 1 24 18 65 65
0886_0007_0025_0048_0048.jpg 1 7 25 48 48
0887_0049_0060_0027_0027.jpg 1 49 60 27 27
0888_0019_0042_0035_0035.jpg 1 19 42 35 35
0889_0023_0032_0062_0062.jpg 1 23 32 62 62
0890_0038_0028_0035_0035.jpg 1 38 28 35 35
0891_0032_0036_0058_0058.jpg 1 32 36 58 58
0892_0007_0026_0058_0058.jpg 1 7 26 58 58
0893_0038_0028_0056_0056.jpg 1 38 28 56 56
0894_0046_0032_0047_0047.jpg 1 46 32 47 47
0895_0010_0031_0059_0059.jpg 1 10 31 59 59
0896_0029_0008_0066_0066.jpg 1 29 8 66 66
0897_0009_0017_0062_0062.jpg 1 9 17 62 62
0898_0046_0012_0024_0024.jpg 1 46 12 24 24
0899_0024_0038_0045_0045.jpg 1 24 38 45 45
0900_0025_0023_0065_0065.jpg 1 25 23 65 65
0901_0023_0004_0058_0058.jpg 1 23 4 58 58
0902_0028_0004_0068_0068.jpg 1 28 4 68 68
0903_0039_0031_0050_0050.jpg 1 39 31 50 50
0904_0022_0030_0050_0050.jpg 1 22 30 50 50
0905_0033_0025_0037_0037.jpg 1 33 25 37 37
0906_0015_0036_0049_0049.jpg 1 15 36 49 49
0907_0033_0020_0042_0042.jpg 1 33 20 42 42
0908_0032_0024_0051_0051.jpg 1 32 24 51 51
0909_0010_0028_0044_0044.jpg 1 10 28 44 44
0910_0012_0017_0058_0058.jpg 1 12 17 58 58
0911_0029_0023_0056_0056.jpg 1 29 23 56 56
0912_0013_0053_0030_0030.jpg 1 13 53 30 30
0913_0049_0018_0026_0026.jpg 1 49 18 26 26
0914_0035_0036_0054_0054.jpg 1 35 36 54 54
0915_0033_0016_0056_0056.jpg 1 33 16 56 56
0916_0021_0042_0039_0039.jpg 1 21 42 39 39
0917_0014_0042_0049_0049.jpg 1 14 42 49 49
0918_0039_0008_0035_0035.jpg 1 39 8 35 35
0919_0022_0023_0064_0064.jpg 1 22 23 64 64
0920_0068_0055_0024_0024.jpg 1 68 55 24 24
0921_0046_0010_0030_0030.jpg 1 46 10 30 30
0922_0026_0013_0048_0048.jpg 1 26 13 48 48
0923_0041_0042_0039_0039.jpg 1 41 42 39 39
0924_0009_0012_0058_0058.jpg 1 9 12 58 58
0925_0012_0023_0045_0045.jpg 1 12 23 45 45
0926_0008_0041_0050_0050.jpg 1 8 41 50 50
0927_0023_0011_0059_0059.jpg 1 23 11 59 59
0928_0030_0043_0048_0048.jpg 1 30 43 48 48
0929_0008_0014_0067_0067.jpg 1 8 14 67 67
0930_0026_0029_0025_0025.jpg 1 26 29 25 25
0931_0016_0026_0050_0050.jpg 1 16 26 50 50
0932_0043_0031_0047_0047.jpg 1 43 31 47 47
0933_0008_0025_0055_0055.jpg 1 8 25 55 55
0934_0024_0011_0058_0058.jpg 1 24 11 58 58
0935_0049_0057_0027_0027.jpg 1 49 57 27 27
0936_0004_0023_0058_0058.jpg 1 4 23 58 58
0937_0021_0006_0040_0040.jpg 1 21 6 40 40
0938_0030_0014_0059_0059.jpg 1 30 14 59 59
0939_0066_0057_0024_0024.jpg 1 66 57 24 24
0940_0033_0013_0055_0055.jpg 1 33 13 55 55
0941_0008_0012_0059_0059.jpg 1 8 12 59 59
0942_0034_0027_0047_0047.jpg 1 34 27 47 47
0943_0009_0007_0060_0060.jpg 1 9 7 60 60
0944_0036_0032_0057_0057.jpg 1 36 32 57 57
0945_0014_0012_0052_0052.jpg 1 14 12 52 52
0946_0023_0011_0030_0030.jpg 1 23 11 30 30
0947_0011_0027_0032_0032.jpg 1 11 27 32 32
0948_0028_0014_0035_0035.jpg 1 28 14 35 35
0949_0026_0018_0061_0061.jpg 1 26 18 61 61
0950_0017_0008_0053_0053.jpg 1 17 8 53 53
0951_0028_0057_0030_0030.jpg 1 28 57 30 30
0952_0032_0013_0059_0059.jpg 1 32 13 59 59
0953_0014_0021_0068_0068.jpg 1 14 21 68 68
0954_0027_0019_0048_0048.jpg 1 27 19 48 48
0955_0045_0018_0046_0046.jpg 1 45 18 46 46
0956_0007_0052_0034_0034.jpg 1 7 52 34 34
0957_0013_0053_0036_0036.jpg 1 13 53 36 36
0958_0006_0026_0055_0055.jpg 1 6 26 55 55
0959_0016_0053_0034_0034.jpg 1 16 53 34 34
0960_0024_0009_0028_0028.jpg 1 24 9 28 28
0961_0017_0036_0047_0047.jpg 1 17 36 47 47
0962_0011_0008_0059_0059.jpg 1 11 8 59 59
0963_0013_0009_0066_0066.jpg 1 13 9 66 66
0964_0025_0027_0066_0066.jpg 1 25 27 66 66
0965_0007_0025_0060_0060.jpg 1 7 25 60 60
0966_0027_0032_0034_0034.jpg 1 27 32 34 34
0967_0026_0017_0049_0049.jpg 1 26 17 49 49
0968_0035_0023_0055_0055.jpg 1 35 23 55 55
0969_0013_0033_0061_0061.jpg 1 13 33 61 61
0970_0030_0017_0050_0050.jpg 1 30 17 50 50
0971_0006_0008_0063_0063.jpg 1 6 8 63 63
0972_0008_0015_0040_0040.jpg 1 8 15 40 40
0973_0032_0013_0054_0054.jpg 1 32 13 54 54
0974_0048_0027_0041_0041.jpg 1 48 27 41 41
0975_0024_0033_0036_0036.jpg 1 24 33 36 36
0976_0019_0019_0050_0050.jpg 1 19 19 50 50
0977_0034_0026_0033_0033.jpg 1 34 26 33 33
0978_0004_0029_0063_0063.jpg 1 4 29 63 63
0979_0029_0012_0063_0063.jpg 1 29 12 63 63
0980_0033_0049_0030_0030.jpg 1 33 49 30 30
0981_0019_0007_0026_0026.jpg 1 19 7 26 26
0982_0038_0039_0025_0025.jpg 1 38 39 25 25
0983_0028_0021_0032_0032.jpg 1 28 21 32 32
0984_0018_0004_0067_0067.jpg 1 18 4 67 67
0985_0049_0047_0038_0038.jpg 1 49 47 38 38
0986_0022_0017_0056_0056.jpg 1 22 17 56 56
0987_0064_0058_0025_0025.jpg 1 64 58 25 25
0988_0046_0049_0031_0031.jpg 1 46 49 31 31
0989_0022_0050_0036_0036.jpg 1 22 50 36 36
0990_0010_0042_0039_0039.jpg 1 10 42 39 39
0991_0030_0014_0044_0044.jpg 1 30 14 44 44
0992_0021_0042_0047_0047.jpg 1 21 42 47 47
0993_0031_0015_0051_0051.jpg 1 31 15 51 51
0994_0015_0011_0027_0027.jpg 1 15 11 27 27
0995_0019_0009_0046_0046.jpg 1 19 9 46 46
0996_0017_0010_0063_0063.jpg 1 17 10 63 63
0997_0061_0043_0024_0024.jpg 1 61 43 24 24
0998_0027_0023_0063_0063.jpg 1 27 23 63 63
0999_0032_0023_0060_0060.jpg 1 32 23 60 60
1000_0050_0022_0025_0025.jpg 1 50 22 25 25
1001_0022_0010_0066_0066.jpg 1 22 10 66 66
1002_0029_0049_0042_0042.jpg 1 29 49 42 42
1003_0046_0024_0026_0026.jpg 1 46 24 26 26
1004_0004_0006_0067_0067.jpg 1 4 6 67 67
1005_0016_0037_0034_0034.jpg 1 16 37 34 34
1006_0022_0011_0064_0064.jpg 1 22 11 64 64
1007_0016_0008_0067_0067.jpg 1 16 8 67 67
1008_0021_0042_0028_0028.jpg 1 21 42 28 28
1009_0004_0008_0068_0068.jpg 1 4 8 68 68
1010_0019_0014_0057_0057.jpg 1 19 14 57 57
1011_0037_0008_0052_0052.jpg 1 37 8 52 52
1012_0006_0038_0057_0057.jpg 1 6 38 57 57
1013_0022_0004_0066_0066.jpg 1 22 4 66 66
1014_0011_0029_0043_0043.jpg 1 11 29 43 43
1015_0009_0006_0068_0068.jpg 1 9 6 68 68
1016_0055_0011_0033_0033.jpg 1 55 11 33 33
1017_0047_0039_0038_0038.jpg 1 47 39 38 38
1018_0049_0038_0041_0041.jpg 1 49 38 41 41
1019_0059_0041_0024_0024.jpg 1 59 41 24 24
1020_0029_0025_0040_0040.jpg 1 29 25 40 40
1021_0044_0010_0046_0046.jpg 1 44 10 46 46
1022_0022_0026_0031_0031.jpg 1 22 26 31 31
1023_0018_0022_0063_0063.jpg 1 18 22 63 63
1024_0042_0009_0036_0036.jpg 1 42 9 36 36
1025_0044_0011_0044_0044.jpg 1 44 11 44 44
1026_0037_0034_0056_0056.jpg 1 37 34 56 56
1027_0030_0044_0035_0035.jpg 1 30 44 35 35
1028_0029_0047_0031_0031.jpg 1 29 47 31 31
1029_0029_0036_0038_0038.jpg 1 29 36 38 38
1030_0029_0019_0059_0059.jpg 1 29 19 59 59
1031_0014_0007_0069_0069.jpg 1 14 7 69 69
1032_0022_0025_0045_0045.jpg 1 22 25 45 45
1033_0030_0011_0055_0055.jpg 1 30 11 55 55
1034_0011_0026_0067_0067.jpg 1 11 26 67 67
1035_0046_0062_0027_0027.jpg 1 46 62 27 27
1036_0013_0019_0060_0060.jpg 1 13 19 60 60
1037_0016_0008_0052_0052.jpg 1 16 8 52 52
1038_0052_0049_0037_0037.jpg 1 52 49 37 37
1039_0038_0037_0024_0024.jpg 1 38 37 24 24
1040_0021_0012_0064_0064.jpg 1 21 12 64 64
1041_0040_0046_0036_0036.jpg 1 40 46 36 36
1042_0034_0063_0025_0025.jpg 1 34 63 25 25
1043_0016_0033_0028_0028.jpg 1 16 33 28 28
1044_0044_0035_0032_0032.jpg 1 44 35 32 32
1045_0024_0058_0028_0028.jpg 1 24 58 28 28
1046_0021_0051_0041_0041.jpg 1 21 51 41 41
1047_0031_0010_0059_0059.jpg 1 31 10 59 59
1048_0055_0022_0037_0037.jpg 1 55 22 37 37
1049_0024_0015_0049_0049.jpg 1 24 15 49 49
1050_0006_0007_0045_0045.jpg 1 6 7 45 45
1051_0023_0022_0050_0050.jpg 1 23 22 50 50
1052_0030_0033_0061_0061.jpg 1 30 33 61 61
1053_0031_0028_0064_0064.jpg 1 31 28 64 64
1054_0034_0024_0060_0060.jpg 1 34 24 60 60
1055_0020_0059_0026_0026.jpg 1 20 59 26 26
1056_0067_0030_0024_0024.jpg 1 67 30 24 24
1057_0027_0016_0061_0061.jpg 1 27 16 61 61
1058_0006_0012_0060_0060.jpg 1 6 12 60 60
1059_0023_0007_0028_0028.jpg 1 23 7 28 28
1060_0004_0024_0068_0068.jpg 1 4 24 68 68
1061_0041_0007_0037_0037.jpg 1 41 7 37 37
1062_0028_0029_0065_0065.jpg 1 28 29 65 65
1063_0053_0014_0036_0036.jpg 1 53 14 36 36
1064_0039_0008_0051_0051.jpg 1 39 8 51 51
1065_0008_0025_0043_0043.jpg 1 8 25 43 43
1066_0041_0038_0052_0052.jpg 1 41 38 52 52
1067_0005_0019_0052_0052.jpg 1 5 19 52 52
1068_0012_0012_0055_0055.jpg 1 12 12 55 55
1069_0020_0044_0031_0031.jpg 1 20 44 31 31
1070_0046_0009_0039_0039.jpg 1 46 9 39 39
1071_0014_0025_0065_0065.jpg 1 14 25 65 65
1072_0044_0010_0050_0050.jpg 1 44 10 50 50
1073_0030_0040_0046_0046.jpg 1 30 40 46 46
1074_0026_0052_0040_0040.jpg 1 26 52 40 40
1075_0019_0022_0030_0030.jpg 1 19 22 30 30
1076_0038_0022_0053_0053.jpg 1 38 22 53 53
1077_0011_0020_0036_0036.jpg 1 11 20 36 36
1078_0017_0024_0067_0067.jpg 1 17 24 67 67
1079_0026_0025_0040_0040.jpg 1 26 25 40 40
1080_0025_0040_0055_0055.jpg 1 25 40 55 55
1081_0008_0018_0063_0063.jpg 1 8 18 63 63
1082_0022_0032_0064_0064.jpg 1 22 32 64 64
1083_0014_0008_0058_0058.jpg 1 14 8 58 58
1084_0023_0012_0060_0060.jpg 1 23 12 60 60
1085_0036_0007_0048_0048.jpg 1 36 7 48 48
1086_0020_0006_0055_0055.jpg 1 20 6 55 55
1087_0030_0054_0039_0039.jpg 1 30 54 39 39
1088_0008_0011_0045_0045.jpg 1 8 11 45 45
1089_0023_0036_0042_0042.jpg 1 23 36 42 42
1090_0027_0025_0044_0044.jpg 1 27 25 44 44
1091_0033_0006_0047_0047.jpg 1 33 6 47 47
1092_0042_0039_0029_0029.jpg 1 42 39 29 29
1093_0028_0035_0033_0033.jpg 1 28 35 33 33
1094_0048_0013_0044_0044.jpg 1 48 13 44 44
1095_0018_0010_0060_0060.jpg 1 18 10 60 60
1096_0018_0023_0038_0038.jpg 1 18 23 38 38
1097_0037_0018_0029_0029.jpg 1 37 18 29 29
1098_0025_0038_0046_0046.jpg 1 25 38 46 46
1099_0020_0023_0042_0042.jpg 1 20 23 42 42
1100_0042_0010_0032_0032.jpg 1 42 10 32 32
1101_0051_0023_0037_0037.jpg 1 51 23 37 37
1102_0005_0017_0056_0056.jpg 1 5 17 56 56
1103_0028_0016_0056_0056.jpg 1 28 16 56 56
1104_0043_0022_0040_0040.jpg 1 43 22 40 40
1105_0028_0041_0051_0051.jpg 1 28 41 51 51
1106_0033_0009_0056_0056.jpg 1 33 9 56 56
1107_0037_0033_0050_0050.jpg 1 37 33 50 50
1108_0036_0010_0045_0045.jpg 1 36 10 45 45
1109_0016_0005_0068_0068.jpg 1 16 5 68 68
1110_0040_0015_0045_0045.jpg 1 40 15 45 45
1111_0047_0054_0032_0032.jpg 1 47 54 32 32
1112_0005_0005_0054_0054.jpg 1 5 5 54 54
1113_0046_0015_0039_0039.jpg 1 46 15 39 39
1114_0021_0014_0052_0052.jpg 1 21 14 52 52
1115_0032_0033_0060_0060.jpg 1 32 33 60 60
1116_0038_0021_0047_0047.jpg 1 38 21 47 47
1117_0024_0009_0061_0061.jpg 1 24 9 61 61
1118_0008_0013_0046_0046.jpg 1 8 13 46 46
1119_0012_0031_0060_0060.jpg 1 12 31 60 60
1120_0023_0052_0032_0032.jpg 1 23 52 32 32
1121_0023_0017_0047_0047.jpg 1 23 17 47 47
1122_0043_0031_0040_0040.jpg 1 43 31 40 40
1123_0038_0038_0044_0044.jpg 1 38 38 44 44
1124_0030_0042_0041_0041.jpg 1 30 42 41 41
1125_0014_0007_0042_0042.jpg 1 14 7 42 42
1126_0006_0022_0044_0044.jpg 1 6 22 44 44
1127_0008_0054_0038_0038.jpg 1 8 54 38 38
1128_0040_0031_0054_0054.jpg 1 40 31 54 54
1129_0014_0009_0061_0061.jpg 1 14 9 61 61
1130_0019_0020_0056_0056.jpg 1 19 20 56 56
1131_0012_0033_0048_0048.jpg 1 12 33 48 48
1132_0025_0018_0058_0058.jpg 1 25 18 58 58
1133_0017_0011_0059_0059.jpg 1 17 11 59 59
1134_0064_0037_0026_0026.jpg 1 64 37 26 26
1135_0035_0018_0029_0029.jpg 1 35 18 29 29
1136_0043_0022_0039_0039.jpg 1 43 22 39 39
1137_0033_0023_0028_0028.jpg 1 33 23 28 28
1138_0009_0023_0026_0026.jpg 1 9 23 26 26
1139_0012_0035_0045_0045.jpg 1 12 35 45 45
1140_0054_0049_0026_0026.jpg 1 54 49 26 26
1141_0009_0018_0057_0057.jpg 1 9 18 57 57
1142_0042_0008_0041_0041.jpg 1 42 8 41 41
1143_0026_0015_0066_0066.jpg 1 26 15 66 66
1144_0017_0027_0068_0068.jpg 1 17 27 68 68
1145_0027_0055_0037_0037.jpg 1 27 55 37 37
1146_0016_0060_0030_0030.jpg 1 16 60 30 30
1147_0014_0028_0062_0062.jpg 1 14 28 62 62
1148_0058_0007_0030_0030.jpg 1 58 7 30 30
1149_0027_0015_0065_0065.jpg 1 27 15 65 65
1150_0047_0026_0040_0040.jpg 1 47 26 40 40
1151_0016_0037_0058_0058.jpg 1 16 37 58 58
1152_0017_0038_0028_0028.jpg 1 17 38 28 28
1153_0011_0037_0051_0051.jpg 1 11 37 51 51
1154_0041_0027_0026_0026.jpg 1 41 27 26 26
1155_0062_0039_0028_0028.jpg 1 62 39 28 28
1156_0015_0025_0052_0052.jpg 1 15 25 52 52
1157_0015_0049_0033_0033.jpg 1 15 49 33 33
1158_0008_0027_0061_0061.jpg 1 8 27 61 61
1159_0011_0017_0065_0065.jpg 1 11 17 65 65
1160_0013_0020_0027_0027.jpg 1 13 20 27 27
1161_0006_0048_0041_0041.jpg 1 6 48 41 41
1162_0038_0059_0024_0024.jpg 1 38 59 24 24
1163_0048_0018_0038_0038.jpg 1 48 18 38 38
1164_0036_0021_0057_0057.jpg 1 36 21 57 57
1165_0040_0031_0033_0033.jpg 1 40 31 33 33
1166_0022_0057_0032_0032.jpg 1 22 57 32 32
1167_0017_0028_0034_0034.jpg 1 17 28 34 34
1168_0025_0009_0068_0068.jpg 1 25 9 68 68
1169_0014_0018_0063_0063.jpg 1 14 18 63 63
1170_0057_0040_0032_0032.jpg 1 57 40 32 32
1171_0031_0050_0031_0031.jpg 1 31 50 31 31
1172_0015_0029_0035_0035.jpg 1 15 29 35 35
1173_0013_0016_0060_0060.jpg 1 13 16 60 60
1174_0029_0017_0051_0051.jpg 1 29 17 51 51
1175_0040_0011_0032_0032.jpg 1 40 11 32 32
1176_0030_0051_0031_0031.jpg 1 30 51 31 31
1177_0030_0022_0044_0044.jpg 1 30 22 44 44
1178_0005_0040_0051_0051.jpg 1 5 40 51 51
1179_0042_0047_0036_0036.jpg 1 42 47 36 36
1180_0016_0030_0038_0038.jpg 1 16 30 38 38
1181_0031_0027_0026_0026.jpg 1 31 27 26 26
1182_0053_0042_0032_0032.jpg 1 53 42 32 32
1183_0054_0059_0034_0034.jpg 1 54 59 34 34
1184_0026_0035_0033_0033.jpg 1 26 35 33 33
1185_0064_0010_0028_0028.jpg 1 64 10 28 28
1186_0055_0008_0032_0032.jpg 1 55 8 32 32
1187_0017_0007_0067_0067.jpg 1 17 7 67 67
1188_0051_0048_0037_0037.jpg 1 51 48 37 37
1189_0060_0039_0025_0025.jpg 1 60 39 25 25
1190_0014_0020_0058_0058.jpg 1 14 20 58 58
1191_0031_0007_0042_0042.jpg 1 31 7 42 42
1192_0025_0018_0068_0068.jpg 1 25 18 68 68
1193_0015_0063_0029_0029.jpg 1 15 63 29 29
1194_0039_0031_0054_0054.jpg 1 39 31 54 54
1195_0028_0017_0043_0043.jpg 1 28 17 43 43
1196_0023_0040_0052_0052.jpg 1 23 40 52 52
1197_0006_0026_0043_0043.jpg 1 6 26 43 43
1198_0013_0041_0032_0032.jpg 1 13 41 32 32
1199_0032_0055_0038_0038.jpg 1 32 55 38 38
1200_0023_0026_0028_0028.jpg 1 23 26 28 28
1201_0008_0028_0068_0068.jpg 1 8 28 68 68
1202_0048_0055_0037_0037.jpg 1 48 55 37 37
1203_0026_0020_0051_0051.jpg 1 26 20 51 51
1204_0026_0019_0067_0067.jpg 1 26 19 67 67
1205_0005_0021_0069_0069.jpg 1 5 21 69 69
1206_0016_0006_0062_0062.jpg 1 16 6 62 62
1207_0007_0033_0060_0060.jpg 1 7 33 60 60
1208_0028_0059_0026_0026.jpg 1 28 59 26 26
1209_0040_0062_0026_0026.jpg 1 40 62 26 26
1210_0041_0034_0042_0042.jpg 1 41 34 42 42
1211_0021_0035_0049_0049.jpg 1 21 35 49 49
1212_0013_0021_0056_0056.jpg 1 13 21 56 56
1213_0021_0008_0040_0040.jpg 1 21 8 40 40
1214_0029_0042_0042_0042.jpg 1 29 42 42 42
1215_0024_0034_0053_0053.jpg 1 24 34 53 53
1216_0029_0009_0059_0059.jpg 1 29 9 59 59
1217_0033_0055_0026_0026.jpg 1 33 55 26 26
1218_0028_0026_0030_0030.jpg 1 28 26 30 30
1219_0010_0016_0030_0030.jpg 1 10 16 30 30
1220_0033_0028_0034_0034.jpg 1 33 28 34 34
1221_0046_0010_0027_0027.jpg 1 46 10 27 27
1222_0025_0046_0047_0047.jpg 1 25 46 47 47
1223_0008_0034_0052_0052.jpg 1 8 34 52 52
1224_0040_0023_0041_0041.jpg 1 40 23 41 41
1225_0025_0063_0027_0027.jpg 1 25 63 27 27
1226_0048_0033_0031_0031.jpg 1 48 33 31 31
1227_0041_0051_0034_0034.jpg 1 41 51 34 34
1228_0023_0009_0065_0065.jpg 1 23 9 65 65
1229_0044_0053_0037_0037.jpg 1 44 53 37 37
1230_0011_0012_0061_0061.jpg 1 11 12 61 61
1231_0011_0009_0064_0064.jpg 1 11 9 64 64
1232_0013_0007_0060_0060.jpg 1 13 7 60 60
1233_0058_0019_0033_0033.jpg 1 58 19 33 33
1234_0022_0054_0029_0029.jpg 1 22 54 29 29
1235_0045_0067_0024_0024.jpg 1 45 67 24 24
1236_0032_0006_0054_0054.jpg 1 32 6 54 54
1237_0040_0042_0040_0040.jpg 1 40 42 40 40
1238_0006_0009_0069_0069.jpg 1 6 9 69 69
1239_0014_0030_0050_0050.jpg 1 14 30 50 50
1240_0018_0018_0067_0067.jpg 1 18 18 67 67
1241_0018_0014_0069_0069.jpg 1 18 14 69 69
1242_0023_0012_0064_0064.jpg 1 23 12 64 64
1243_0043_0036_0031_0031.jpg 1 43 36 31 31
1244_0010_0036_0050_0050.jpg 1 10 36 50 50
1245_0036_0016_0025_0025.jpg 1 36 16 25 25
1246_0026_0049_0033_0033.jpg 1 26 49 33 33
1247_0009_0017_0045_0045.jpg 1 9 17 45 45
1248_0018_0024_0054_0054.jpg 1 18 24 54 54
1249_0024_0020_0069_0069.jpg 1 24 20 69 69
1250_0018_0034_0034_0034.jpg 1 18 34 34 34
1251_0058_0063_0025_0025.jpg 1 58 63 25 25
1252_0006_0023_0068_0068.jpg 1 6 23 68 68
1253_0012_0051_0035_0035.jpg 1 12 51 35 35
1254_0038_0037_0050_0050.jpg 1 38 37 50 50
1255_0011_0011_0065_0065.jpg 1 11 11 65 65
1256_0037_0048_0027_0027.jpg 1 37 48 27 27
1257_0027_0036_0042_0042.jpg 1 27 36 42 42
1258_0038_0026_0053_0053.jpg 1 38 26 53 53
1259_0038_0011_0050_0050.jpg 1 38 11 50 50
1260_0031_0028_0063_0063.jpg 1 31 28 63 63
1261_0032_0040_0038_0038.jpg 1 32 40 38 38
1262_0046_0053_0036_0036.jpg 1 46 53 36 36
1263_0025_0032_0045_0045.jpg 1 25 32 45 45
1264_0040_0020_0039_0039.jpg 1 40 20 39 39
1265_0015_0013_0063_0063.jpg 1 15 13 63 63
1266_0042_0029_0028_0028.jpg 1 42 29 28 28
1267_0011_0024_0062_0062.jpg 1 11 24 62 62
1268_0026_0029_0058_0058.jpg 1 26 29 58 58
1269_0040_0056_0030_0030.jpg 1 40 56 30 30
1270_0023_0031_0033_0033.jpg 1 23 31 33 33
1271_0034_0026_0029_0029.jpg 1 34 26 29 29
1272_0023_0016_0053_0053.jpg 1 23 16 53 53
1273_0023_0019_0047_0047.jpg 1 23 19 47 47
1274_0037_0031_0052_0052.jpg 1 37 31 52 52
1275_0060_0009_0024_0024.jpg 1 60 9 24 24
1276_0021_0015_0059_0059.jpg 1 21 15 59 59
1277_0019_0024_0059_0059.jpg 1 19 24 59 59
1278_0027_0011_0067_0067.jpg 1 27 11 67 67
1279_0033_0015_0027_0027.jpg 1 33 15 27 27
1280_0028_0008_0057_0057.jpg 1 28 8 57 57
1281_0042_0018_0051_0051.jpg 1 42 18 51 51
1282_0015_0004_0068_0068.jpg 1 15 4 68 68
1283_0023_0020_0046_0046.jpg 1 23 20 46 46
1284_0013_0028_0067_0067.jpg 1 13 28 67 67
1285_0015_0021_0034_0034.jpg 1 15 21 34 34
1286_0010_0013_0034_0034.jpg 1 10 13 34 34
1287_0017_0045_0028_0028.jpg 1 17 45 28 28
1288_0008_0022_0053_0053.jpg 1 8 22 53 53
1289_0037_0037_0057_0057.jpg 1 37 37 57 57
1290_0017_0039_0048_0048.jpg 1 17 39 48 48
1291_0016_0024_0062_0062.jpg 1 16 24 62 62
1292_0032_0042_0032_0032.jpg 1 32 42 32 32
1293_0033_0034_0044_0044.jpg 1 33 34 44 44
1294_0010_0008_0047_0047.jpg 1 10 8 47 47
1295_0008_0018_0044_0044.jpg 1 8 18 44 44
1296_0026_0025_0068_0068.jpg 1 26 25 68 68
1297_0023_0013_0067_0067.jpg 1 23 13 67 67
1298_0023_0048_0045_0045.jpg 1 23 48 45 45
1299_0034_0052_0029_0029.jpg 1 34 52 29 29
1300_0033_0059_0030_0030.jpg 1 33 59 30 30
1301_0038_0047_0038_0038.jpg 1 38 47 38 38
1302_0018_0020_0068_0068.jpg 1 18 20 68 68
1303_0030_0010_0064_0064.jpg 1 30 10 64 64
1304_0029_0031_0060_0060.jpg 1 29 31 60 60
1305_0010_0035_0040_0040.jpg 1 10 35 40 40
1306_0024_0024_0051_0051.jpg 1 24 24 51 51
1307_0022_0013_0063_0063.jpg 1 22 13 63 63
1308_0034_0005_0055_0055.jpg 1 34 5 55 55
1309_0017_0044_0047_0047.jpg 1 17 44 47 47
1310_0040_0022_0048_0048.jpg 1 40 22 48 48
1311_0036_0035_0030_0030.jpg 1 36 35 30 30
1312_0016_0016_0041_0041.jpg 1 16 16 41 41
1313_0028_0029_0065_0065.jpg 1 28 29 65 65
1314_0032_0010_0062_0062.jpg 1 32 10 62 62
1315_0016_0019_0069_0069.jpg 1 16 19 69 69
1316_0033_0021_0047_0047.jpg 1 33 21 47 47
1317_0039_0037_0028_0028.jpg 1 39 37 28 28
1318_0010_0014_0062_0062.jpg 1 10 14 62 62
1319_0012_0028_0034_0034.jpg 1 12 28 34 34
1320_0019_0018_0035_0035.jpg 1 19 18 35 35
1321_0020_0017_0044_0044.jpg 1 20 17 44 44
1322_0019_0007_0055_0055.jpg 1 19 7 55 55
1323_0027_0052_0036_0036.jpg 1 27 52 36 36
1324_0034_0034_0055_0055.jpg 1 34 34 55 55
1325_0062_0027_0025_0025.jpg 1 62 27 25 25
1326_0057_0053_0025_0025.jpg 1 57 53 25 25
1327_0009_0036_0059_0059.jpg 1 9 36 59 59
1328_0011_0059_0024_0024.jpg 1 11 59 24 24
1329_0035_0018_0040_0040.jpg 1 35 18 40 40
1330_0049_0021_0043_0043.jpg 1 49 21 43 43
1331_0041_0048_0044_0044.jpg 1 41 48 44 44
1332_0042_0007_0034_0034.jpg 1 42 7 34 34
1333_0026_0007_0058_0058.jpg 1 26 7 58 58
1334_0031_0030_0044_0044.jpg 1 31 30 44 44
1335_0047_0036_0046_0046.jpg 1 47 36 46 46
1336_0019_0016_0051_0051.jpg 1 19 16 51 51
1337_0015_0005_0067_0067.jpg 1 15 5 67 67
1338_0029_0004_0062_0062.jpg 1 29 4 62 62
1339_0039_0061_0031_0031.jpg 1 39 61 31 31
1340_0024_0017_0059_0059.jpg 1 24 17 59 59
1341_0016_0018_0069_0069.jpg 1 16 18 69 69
1342_0053_0020_0027_0027.jpg 1 53 20 27 27
1343_0024_0017_0066_0066.jpg 1 24 17 66 66
1344_0033_0009_0058_0058.jpg 1 33 9 58 58
1345_0023_0014_0069_0069.jpg 1 23 14 69 69
1346_0021_0014_0057_0057.jpg 1 21 14 57 57
1347_0021_0018_0069_0069.jpg 1 21 18 69 69
1348_0016_0054_0032_0032.jpg 1 16 54 32 32
1349_0061_0064_0026_0026.jpg 1 61 64 26 26
1350_0056_0055_0026_0026.jpg 1 56 55 26 26
1351_0021_0008_0057_0057.jpg 1 21 8 57 57
1352_0027_0008_0062_0062.jpg 1 27 8 62 62
1353_0022_0041_0039_0039.jpg 1 22 41 39 39
1354_0024_0032_0054_0054.jpg 1 24 32 54 54
1355_0012_0021_0052_0052.jpg 1 12 21 52 52
1356_0027_0023_0068_0068.jpg 1 27 23 68 68
1357_0014_0008_0068_0068.jpg 1 14 8 68 68
1358_0028_0024_0042_0042.jpg 1 28 24 42 42
1359_0028_0020_0064_0064.jpg 1 28 20 64 64
1360_0013_0034_0061_0061.jpg 1 13 34 61 61
1361_0006_0024_0064_0064.jpg 1 6 24 64 64
1362_0023_0016_0069_0069.jpg 1 23 16 69 69
1363_0013_0057_0024_0024.jpg 1 13 57 24 24
1364_0047_0062_0028_0028.jpg 1 47 62 28 28
1365_0008_0007_0034_0034.jpg 1 8 7 34 34
1366_0024_0054_0025_0025.jpg 1 24 54 25 25
1367_0004_0022_0066_0066.jpg 1 4 22 66 66
1368_0045_0053_0024_0024.jpg 1 45 53 24 24
1369_0029_0011_0049_0049.jpg 1 29 11 49 49
1370_0031_0015_0052_0052.jpg 1 31 15 52 52
1371_0010_0057_0036_0036.jpg 1 10 57 36 36
1372_0018_0028_0067_0067.jpg 1 18 28 67 67
1373_0049_0026_0025_0025.jpg 1 49 26 25 25
1374_0036_0004_0059_0059.jpg 1 36 4 59 59
1375_0024_0036_0026_0026.jpg 1 24 36 26 26
1376_0051_0019_0041_0041.jpg 1 51 19 41 41
1377_0048_0040_0039_0039.jpg 1 48 40 39 39
1378_0043_0053_0034_0034.jpg 1 43 53 34 34
1379_0034_0021_0052_0052.jpg 1 34 21 52 52
1380_0012_0046_0043_0043.jpg 1 12 46 43 43
1381_0024_0020_0067_0067.jpg 1 24 20 67 67
1382_0045_0008_0038_0038.jpg 1 45 8 38 38
1383_0037_0045_0027_0027.jpg 1 37 45 27 27
1384_0027_0013_0066_0066.jpg 1 27 13 66 66
1385_0012_0023_0057_0057.jpg 1 12 23 57 57
1386_0057_0034_0032_0032.jpg 1 57 34 32 32
1387_0049_0049_0027_0027.jpg 1 49 49 27 27
1388_0013_0006_0064_0064.jpg 1 13 6 64 64
1389_0017_0033_0054_0054.jpg 1 17 33 54 54
1390_0052_0051_0027_0027.jpg 1 52 51 27 27
1391_0018_0048_0044_0044.jpg 1 18 48 44 44
1392_0010_0046_0035_0035.jpg 1 10 46 35 35
1393_0022_0013_0063_0063.jpg 1 22 13 63 63
1394_0011_0033_0030_0030.jpg 1 11 33 30 30
1395_0045_0018_0043_0043.jpg 1 45 18 43 43
1396_0015_0025_0051_0051.jpg 1 15 25 51 51
1397_0016_0024_0069_0069.jpg 1 16 24 69 69
1398_0037_0007_0037_0037.jpg 1 37 7 37 37
1399_0042_0049_0025_0025.jpg 1 42 49 25 25
1400_0041_0025_0042_0042.jpg 1 41 25 42 42
1401_0015_0008_0062_0062.jpg 1 15 8 62 62
1402_0038_0022_0033_0033.jpg 1 38 22 33 33
1403_0044_0028_0030_0030.jpg 1 44 28 30 30
1404_0015_0008_0043_0043.jpg 1 15 8 43 43
1405_0008_0036_0043_0043.jpg 1 8 36 43 43
1406_0039_0019_0025_0025.jpg 1 39 19 25 25
1407_0022_0017_0061_0061.jpg 1 22 17 61 61
1408_0024_0016_0059_0059.jpg 1 24 16 59 59
1409_0019_0037_0038_0038.jpg 1 19 37 38 38
1410_0003_0010_0069_0069.jpg 1 3 10 69 69
1411_0015_0019_0065_0065.jpg 1 15 19 65 65
1412_0014_0030_0055_0055.jpg 1 14 30 55 55
1413_0021_0037_0039_0039.jpg 1 21 37 39 39
1414_0025_0026_0055_0055.jpg 1 25 26 55 55
1415_0013_0012_0061_0061.jpg 1 13 12 61 61
1416_0020_0014_0049_0049.jpg 1 20 14 49 49
1417_0036_0029_0050_0050.jpg 1 36 29 50 50
1418_0019_0030_0062_0062.jpg 1 19 30 62 62
1419_0023_0037_0042_0042.jpg 1 23 37 42 42
1420_0013_0009_0063_0063.jpg 1 13 9 63 63
1421_0025_0020_0052_0052.jpg 1 25 20 52 52
1422_0035_0027_0047_0047.jpg 1 35 27 47 47
1423_0039_0016_0028_0028.jpg 1 39 16 28 28
1424_0010_0019_0064_0064.jpg 1 10 19 64 64
1425_0004_0027_0066_0066.jpg 1 4 27 66 66
1426_0019_0026_0042_0042.jpg 1 19 26 42 42
1427_0034_0027_0054_0054.jpg 1 34 27 54 54
1428_0024_0020_0069_0069.jpg 1 24 20 69 69
1429_0053_0008_0032_0032.jpg 1 53 8 32 32
1430_0016_0044_0034_0034.jpg 1 16 44 34 34
1431_0013_0041_0049_0049.jpg 1 13 41 49 49
1432_0019_0015_0060_0060.jpg 1 19 15 60 60
1433_0031_0029_0037_0037.jpg 1 31 29 37 37
1434_0034_0034_0057_0057.jpg 1 34 34 57 57
1435_0006_0037_0048_0048.jpg 1 6 37 48 48
1436_0012_0008_0030_0030.jpg 1 12 8 30 30
1437_0013_0025_0064_0064.jpg 1 13 25 64 64
1438_0018_0016_0069_0069.jpg 1 18 16 69 69
1439_0012_0023_0066_0066.jpg 1 12 23 66 66
1440_0032_0028_0050_0050.jpg 1 32 28 50 50
1441_0019_0022_0065_0065.jpg 1 19 22 65 65
1442_0011_0033_0054_0054.jpg 1 11 33 54 54
1443_0051_0020_0041_0041.jpg 1 51 20 41 41
1444_0044_0054_0039_0039.jpg 1 44 54 39 39
1445_0015_0044_0037_0037.jpg 1 15 44 37 37
1446_0030_0027_0052_0052.jpg 1 30 27 52 52
1447_0010_0029_0064_0064.jpg 1 10 29 64 64
1448_0046_0023_0024_0024.jpg 1 46 23 24 24
1449_0027_0013_0059_0059.jpg 1 27 13 59 59
1450_0008_0021_0045_0045.jpg 1 8 21 45 45
1451_0053_0008_0033_0033.jpg 1 53 8 33 33
1452_0026_0021_0053_0053.jpg 1 26 21 53 53
1453_0043_0040_0046_0046.jpg 1 43 40 46 46
1454_0019_0016_0024_0024.jpg 1 19 16 24 24
1455_0019_0017_0042_0042.jpg 1 19 17 42 42
1456_0016_0014_0049_0049.jpg 1 16 14 49 49
1457_0005_0014_0054_0054.jpg 1 5 14 54 54
1458_0009_0022_0061_0061.jpg 1 9 22 61 61
1459_0006_0020_0067_0067.jpg 1 6 20 67 67
1460_0041_0006_0045_0045.jpg 1 41 6 45 45
1461_0028_0040_0043_0043.jpg 1 28 40 43 43
1462_0010_0030_0045_0045.jpg 1 10 30 45 45
1463_0028_0015_0055_0055.jpg 1 28 15 55 55
1464_0015_0004_0060_0060.jpg 1 15 4 60 60
1465_0010_0010_0045_0045.jpg 1 10 10 45 45
1466_0041_0014_0050_0050.jpg 1 41 14 50 50
1467_0010_0045_0027_0027.jpg 1 10 45 27 27
1468_0008_0015_0043_0043.jpg 1 8 15 43 43
1469_0043_0036_0045_0045.jpg 1 43 36 45 45
1470_0031_0012_0044_0044.jpg 1 31 12 44 44
1471_0011_0015_0064_0064.jpg 1 11 15 64 64
1472_0015_0017_0063_0063.jpg 1 15 17 63 63
1473_0064_0055_0025_0025.jpg 1 64 55 25 25
1474_0033_0034_0037_0037.jpg 1 33 34 37 37
1475_0019_0008_0069_0069.jpg 1 19 8 69 69
1476_0039_0020_0056_0056.jpg 1 39 20 56 56
1477_0033_0053_0038_0038.jpg 1 33 53 38 38
1478_0048_0028_0026_0026.jpg 1 48 28 26 26
1479_0010_0022_0062_0062.jpg 1 10 22 62 62
1480_0021_0039_0034_0034.jpg 1 21 39 34 34
1481_0036_0016_0051_0051.jpg 1 36 16 51 51
1482_0049_0038_0044_0044.jpg 1 49 38 44 44
1483_0021_0008_0045_0045.jpg 1 21 8 45 45
1484_0045_0033_0027_0027.jpg 1 45 33 27 27
1485_0042_0041_0032_0032.jpg 1 42 41 32 32
1486_0014_0033_0025_0025.jpg 1 14 33 25 25
1487_0021_0008_0069_0069.jpg 1 21 8 69 69
1488_0012_0041_0032_0032.jpg 1 12 41 32 32
1489_0015_0013_0049_0049.jpg 1 15 13 49 49
1490_0029_0034_0060_0060.jpg 1 29 34 60 60
1491_0022_0010_0025_0025.jpg 1 22 10 25 25
1492_0015_0010_0058_0058.jpg 1 15 10 58 58
1493_0017_0019_0062_0062.jpg 1 17 19 62 62
1494_0015_0016_0065_0065.jpg 1 15 16 65 65
1495_0053_0058_0028_0028.jpg 1 53 58 28 28
1496_0015_0053_0040_0040.jpg 1 15 53 40 40
1497_0045_0043_0028_0028.jpg 1 45 43 28 28
1498_0023_0052_0041_0041.jpg 1 23 52 41 41
1499_0016_0028_0050_0050.jpg 1 16 28 50 50
1500_0006_0012_0059_0059.jpg 1 6 12 59 59
1501_0044_0052_0027_0027.jpg 1 44 52 27 27
1502_0034_0023_0055_0055.jpg 1 34 23 55 55
1503_0039_0018_0033_0033.jpg 1 39 18 33 33
1504_0017_0011_0062_0062.jpg 1 17 11 62 62
1505_0006_0031_0055_0055.jpg 1 6 31 55 55
1506_0018_0027_0068_0068.jpg 1 18 27 68 68
1507_0006_0030_0066_0066.jpg 1 6 30 66 66
1508_0007_0030_0057_0057.jpg 1 7 30 57 57
1509_0014_0008_0054_0054.jpg 1 14 8 54 54
1510_0012_0011_0032_0032.jpg 1 12 11 32 32
1511_0035_0041_0038_0038.jpg 1 35 41 38 38
1512_0008_0037_0052_0052.jpg 1 8 37 52 52
1513_0022_0031_0056_0056.jpg 1 22 31 56 56
1514_0005_0018_0059_0059.jpg 1 5 18 59 59
1515_0014_0004_0060_0060.jpg 1 14 4 60 60
1516_0022_0049_0025_0025.jpg 1 22 49 25 25
1517_0005_0027_0060_0060.jpg 1 5 27 60 60
1518_0006_0012_0061_0061.jpg 1 6 12 61 61
1519_0022_0010_0063_0063.jpg 1 22 10 63 63
1520_0015_0011_0032_0032.jpg 1 15 11 32 32
1521_0034_0038_0034_0034.jpg 1 34 38 34 34
1522_0045_0036_0041_0041.jpg 1 45 36 41 41
1523_0044_0016_0042_0042.jpg 1 44 16 42 42
1524_0054_0008_0032_0032.jpg 1 54 8 32 32
1525_0037_0035_0047_0047.jpg 1 37 35 47 47
1526_0022_0058_0031_0031.jpg 1 22 58 31 31
1527_0022_0013_0063_0063.jpg 1 22 13 63 63
1528_0050_0041_0038_0038.jpg 1 50 41 38 38
1529_0025_0020_0053_0053.jpg 1 25 20 53 53
1530_0010_0034_0058_0058.jpg 1 10 34 58 58
1531_0058_0044_0031_0031.jpg 1 58 44 31 31
1532_0032_0020_0054_0054.jpg 1 32 20 54 54
1533_0029_0010_0039_0039.jpg 1 29 10 39 39
1534_0025_0017_0053_0053.jpg 1 25 17 53 53
1535_0028_0060_0025_0025.jpg 1 28 60 25 25
1536_0032_0009_0043_0043.jpg 1 32 9 43 43
1537_0012_0010_0054_0054.jpg 1 12 10 54 54
1538_0052_0056_0029_0029.jpg 1 52 56 29 29
1539_0012_0023_0058_0058.jpg 1 12 23 58 58
1540_0033_0030_0035_0035.jpg 1 33 30 35 35
1541_0051_0041_0024_0024.jpg 1 51 41 24 24
1542_0021_0014_0034_0034.jpg 1 21 14 34 34
1543_0028_0046_0027_0027.jpg 1 28 46 27 27
1544_0004_0027_0065_0065.jpg 1 4 27 65 65
1545_0024_0014_0058_0058.jpg 1 24 14 58 58
1546_0016_0020_0058_0058.jpg 1 16 20 58 58
1547_0033_0006_0053_0053.jpg 1 33 6 53 53
1548_0042_0012_0027_0027.jpg 1 42 12 27 27
1549_0006_0022_0037_0037.jpg 1 6 22 37 37
1550_0011_0024_0069_0069.jpg 1 11 24 69 69
1551_0014_0021_0053_0053.jpg 1 14 21 53 53
1552_0013_0016_0043_0043.jpg 1 13 16 43 43
1553_0019_0013_0065_0065.jpg 1 19 13 65 65
1554_0014_0006_0059_0059.jpg 1 14 6 59 59
1555_0033_0028_0061_0061.jpg 1 33 28 61 61
1556_0022_0030_0056_0056.jpg 1 22 30 56 56
1557_0057_0035_0035_0035.jpg 1 57 35 35 35
1558_0037_0024_0053_0053.jpg 1 37 24 53 53
1559_0009_0025_0054_0054.jpg 1 9 25 54 54
1560_0027_0062_0028_0028.jpg 1 27 62 28 28
1561_0010_0044_0044_0044.jpg 1 10 44 44 44
1562_0011_0041_0035_0035.jpg 1 11 41 35 35
1563_0033_0041_0028_0028.jpg 1 33 41 28 28
1564_0028_0026_0048_0048.jpg 1 28 26 48 48
1565_0036_0037_0045_0045.jpg 1 36 37 45 45
1566_0013_0007_0069_0069.jpg 1 13 7 69 69
1567_0013_0007_0055_0055.jpg 1 13 7 55 55
1568_0003_0013_0061_0061.jpg 1 3 13 61 61
1569_0017_0034_0050_0050.jpg 1 17 34 50 50
1570_0028_0033_0047_0047.jpg 1 28 33 47 47
1571_0025_0055_0029_0029.jpg 1 25 55 29 29
1572_0029_0004_0054_0054.jpg 1 29 4 54 54
1573_0035_0031_0037_0037.jpg 1 35 31 37 37
1574_0029_0044_0024_0024.jpg 1 29 44 24 24
1575_0040_0008_0025_0025.jpg 1 40 8 25 25
1576_0023_0024_0062_0062.jpg 1 23 24 62 62
1577_0028_0018_0048_0048.jpg 1 28 18 48 48
1578_0018_0006_0069_0069.jpg 1 18 6 69 69
1579_0013_0043_0032_0032.jpg 1 13 43 32 32
1580_0029_0032_0039_0039.jpg 1 29 32 39 39
1581_0034_0021_0031_0031.jpg 1 34 21 31 31
1582_0023_0012_0056_0056.jpg 1 23 12 56 56
1583_0027_0014_0052_0052.jpg 1 27 14 52 52
1584_0004_0012_0064_0064.jpg 1 4 12 64 64
1585_0003_0023_0061_0061.jpg 1 3 23 61 61
1586_0029_0058_0027_0027.jpg 1 29 58 27 27
1587_0010_0025_0041_0041.jpg 1 10 25 41 41
1588_0034_0026_0039_0039.jpg 1 34 26 39 39
1589_0028_0015_0054_0054.jpg 1 28 15 54 54
1590_0018_0047_0044_0044.jpg 1 18 47 44 44
1591_0006_0016_0060_0060.jpg 1 6 16 60 60
1592_0006_0015_0053_0053.jpg 1 6 15 53 53
1593_0030_0030_0063_0063.jpg 1 30 30 63 63
1594_0034_0043_0042_0042.jpg 1 34 43 42 42
1595_0038_0019_0036_0036.jpg 1 38 19 36 36
1596_0008_0046_0048_0048.jpg 1 8 46 48 48
1597_0025_0041_0027_0027.jpg 1 25 41 27 27
1598_0017_0042_0041_0041.jpg 1 17 42 41 41
1599_0008_0017_0069_0069.jpg 1 8 17 69 69
1600_0006_0008_0033_0033.jpg 1 6 8 33 33
1601_0016_0009_0059_0059.jpg 1 16 9 59 59
1602_0014_0008_0065_0065.jpg 1 14 8 65 65
1603_0003_0017_0067_0067.jpg 1 3 17 67 67
1604_0017_0019_0045_0045.jpg 1 17 19 45 45
1605_0046_0035_0039_0039.jpg 1 46 35 39 39
1606_0011_0022_0052_0052.jpg 1 11 22 52 52
1607_0012_0018_0061_0061.jpg 1 12 18 61 61
1608_0043_0018_0039_0039.jpg 1 43 18 39 39
1609_0015_0052_0041_0041.jpg 1 15 52 41 41
1610_0024_0010_0054_0054.jpg 1 24 10 54 54
1611_0028_0019_0053_0053.jpg 1 28 19 53 53
1612_0021_0037_0055_0055.jpg 1 21 37 55 55
1613_0031_0014_0036_0036.jpg 1 31 14 36 36
1614_0031_0010_0035_0035.jpg 1 31 10 35 35
1615_0038_0007_0026_0026.jpg 1 38 7 26 26
1616_0025_0018_0052_0052.jpg 1 25 18 52 52
1617_0027_0031_0060_0060.jpg 1 27 31 60 60
1618_0010_0012_0055_0055.jpg 1 10 12 55 55
1619_0015_0044_0046_0046.jpg 1 15 44 46 46
1620_0033_0053_0035_0035.jpg 1 33 53 35 35
1621_0016_0014_0050_0050.jpg 1 16 14 50 50
1622_0066_0049_0025_0025.jpg 1 66 49 25 25
1623_0019_0046_0043_0043.jpg 1 19 46 43 43
1624_0014_0023_0053_0053.jpg 1 14 23 53 53
1625_0017_0013_0039_0039.jpg 1 17 13 39 39
1626_0008_0015_0061_0061.jpg 1 8 15 61 61
1627_0012_0044_0048_0048.jpg 1 12 44 48 48
1628_0039_0020_0032_0032.jpg 1 39 20 32 32
1629_0033_0027_0046_0046.jpg 1 33 27 46 46
1630_0035_0031_0054_0054.jpg 1 35 31 54 54
1631_0039_0032_0052_0052.jpg 1 39 32 52 52
1632_0027_0013_0025_0025.jpg 1 27 13 25 25
1633_0032_0021_0064_0064.jpg 1 32 21 64 64
1634_0044_0044_0032_0032.jpg 1 44 44 32 32
1635_0033_0017_0047_0047.jpg 1 33 17 47 47
1636_0019_0044_0044_0044.jpg 1 19 44 44 44
1637_0032_0022_0045_0045.jpg 1 32 22 45 45
1638_0017_0007_0066_0066.jpg 1 17 7 66 66
1639_0018_0032_0028_0028.jpg 1 18 32 28 28
1640_0023_0023_0065_0065.jpg 1 23 23 65 65
1641_0049_0055_0036_0036.jpg 1 49 55 36 36
1642_0003_0005_0066_0066.jpg 1 3 5 66 66
1643_0027_0020_0037_0037.jpg 1 27 20 37 37
1644_0010_0050_0029_0029.jpg 1 10 50 29 29
1645_0020_0036_0042_0042.jpg 1 20 36 42 42
1646_0010_0039_0055_0055.jpg 1 10 39 55 55
1647_0008_0030_0038_0038.jpg 1 8 30 38 38
1648_0021_0013_0061_0061.jpg 1 21 13 61 61
1649_0017_0015_0063_0063.jpg 1 17 15 63 63
1650_0030_0028_0042_0042.jpg 1 30 28 42 42
1651_0052_0044_0029_0029.jpg 1 52 44 29 29
1652_0020_0018_0053_0053.jpg 1 20 18 53 53
1653_0039_0040_0040_0040.jpg 1 39 40 40 40
1654_0016_0006_0055_0055.jpg 1 16 6 55 55
1655_0040_0012_0040_0040.jpg 1 40 12 40 40
1656_0019_0031_0032_0032.jpg 1 19 31 32 32
1657_0037_0015_0056_0056.jpg 1 37 15 56 56
1658_0037_0040_0053_0053.jpg 1 37 40 53 53
1659_0027_0049_0030_0030.jpg 1 27 49 30 30
1660_0012_0025_0064_0064.jpg 1 12 25 64 64
1661_0049_0013_0042_0042.jpg 1 49 13 42 42
1662_0033_0029_0049_0049.jpg 1 33 29 49 49
1663_0007_0007_0069_0069.jpg 1 7 7 69 69
1664_0035_0039_0056_0056.jpg 1 35 39 56 56
1665_0017_0010_0061_0061.jpg 1 17 10 61 61
1666_0020_0015_0052_0052.jpg 1 20 15 52 52
1667_0022_0008_0062_0062.jpg 1 22 8 62 62
1668_0048_0028_0025_0025.jpg 1 48 28 25 25
1669_0038_0016_0036_0036.jpg 1 38 16 36 36
1670_0021_0022_0046_0046.jpg 1 21 22 46 46
1671_0029_0017_0057_0057.jpg 1 29 17 57 57
1672_0009_0035_0057_0057.jpg 1 9 35 57 57
1673_0053_0029_0032_0032.jpg 1 53 29 32 32
1674_0045_0019_0047_0047.jpg 1 45 19 47 47
1675_0023_0013_0067_0067.jpg 1 23 13 67 67
1676_0013_0005_0059_0059.jpg 1 13 5 59 59
1677_0033_0020_0051_0051.jpg 1 33 20 51 51
1678_0017_0034_0034_0034.jpg 1 17 34 34 34
1679_0041_0016_0040_0040.jpg 1 41 16 40 40
1680_0009_0016_0043_0043.jpg 1 9 16 43 43
1681_0023_0004_0051_0051.jpg 1 23 4 51 51
1682_0027_0049_0029_0029.jpg 1 27 49 29 29
1683_0054_0033_0036_0036.jpg 1 54 33 36 36
1684_0019_0043_0034_0034.jpg 1 19 43 34 34
1685_0007_0010_0068_0068.jpg 1 7 10 68 68
1686_0011_0013_0052_0052.jpg 1 11 13 52 52
1687_0028_0057_0032_0032.jpg 1 28 57 32 32
1688_0011_0011_0066_0066.jpg 1 11 11 66 66
1689_0039_0010_0054_0054.jpg 1 39 10 54 54
1690_0042_0006_0045_0045.jpg 1 42 6 45 45
1691_0043_0046_0041_0041.jpg 1 43 46 41 41
1692_0013_0021_0061_0061.jpg 1 13 21 61 61
1693_0024_0021_0046_0046.jpg 1 24 21 46 46
1694_0043_0056_0028_0028.jpg 1 43 56 28 28
1695_0037_0048_0026_0026.jpg 1 37 48 26 26
1696_0064_0007_0027_0027.jpg 1 64 7 27 27
1697_0014_0029_0048_0048.jpg 1 14 29 48 48
1698_0041_0010_0054_0054.jpg 1 41 10 54 54
1699_0033_0024_0057_0057.jpg 1 33 24 57 57
1700_0008_0023_0063_0063.jpg 1 8 23 63 63
1701_0037_0022_0030_0030.jpg 1 37 22 30 30
1702_0019_0021_0066_0066.jpg 1 19 21 66 66
1703_0015_0043_0041_0041.jpg 1 15 43 41 41
1704_0006_0022_0066_0066.jpg 1 6 22 66 66
1705_0031_0015_0061_0061.jpg 1 31 15 61 61
1706_0021_0013_0044_0044.jpg 1 21 13 44 44
1707_0032_0016_0052_0052.jpg 1 32 16 52 52
1708_0022_0015_0063_0063.jpg 1 22 15 63 63
1709_0025_0041_0035_0035.jpg 1 25 41 35 35
1710_0021_0037_0024_0024.jpg 1 21 37 24 24
1711_0012_0013_0064_0064.jpg 1 12 13 64 64
1712_0018_0027_0058_0058.jpg 1 18 27 58 58
1713_0032_0047_0025_0025.jpg 1 32 47 25 25
1714_0024_0023_0068_0068.jpg 1 24 23 68 68
1715_0025_0021_0050_0050.jpg 1 25 21 50 50
1716_0050_0043_0044_0044.jpg 1 50 43 44 44
1717_0022_0021_0066_0066.jpg 1 22 21 66 66
1718_0024_0015_0066_0066.jpg 1 24 15 66 66
1719_0036_0046_0039_0039.jpg 1 36 46 39 39
1720_0027_0042_0050_0050.jpg 1 27 42 50 50
1721_0006_0047_0045_0045.jpg 1 6 47 45 45
1722_0010_0008_0065_0065.jpg 1 10 8 65 65
1723_0026_0028_0064_0064.jpg 1 26 28 64 64
1724_0011_0014_0051_0051.jpg 1 11 14 51 51
1725_0046_0029_0041_0041.jpg 1 46 29 41 41
1726_0023_0018_0057_0057.jpg 1 23 18 57 57
1727_0011_0029_0048_0048.jpg 1 11 29 48 48
1728_0005_0005_0068_0068.jpg 1 5 5 68 68
1729_0034_0010_0030_0030.jpg 1 34 10 30 30
1730_0043_0032_0040_0040.jpg 1 43 32 40 40
1731_0021_0019_0065_0065.jpg 1 21 19 65 65
1732_0040_0033_0050_0050.jpg 1 40 33 50 50
1733_0020_0022_0039_0039.jpg 1 20 22 39 39
1734_0004_0027_0067_0067.jpg 1 4 27 67 67
1735_0020_0039_0039_0039.jpg 1 20 39 39 39
1736_0028_0013_0064_0064.jpg 1 28 13 64 64
1737_0052_0051_0028_0028.jpg 1 52 51 28 28
1738_0016_0036_0049_0049.jpg 1 16 36 49 49
1739_0035_0049_0036_0036.jpg 1 35 49 36 36
1740_0010_0024_0034_0034.jpg 1 10 24 34 34
1741_0007_0041_0039_0039.jpg 1 7 41 39 39
1742_0042_0059_0031_0031.jpg 1 42 59 31 31
1743_0011_0032_0029_0029.jpg 1 11 32 29 29
1744_0013_0021_0061_0061.jpg 1 13 21 61 61
1745_0020_0028_0055_0055.jpg 1 20 28 55 55
1746_0055_0024_0031_0031.jpg 1 55 24 31 31
1747_0044_0032_0047_0047.jpg 1 44 32 47 47
1748_0012_0007_0062_0062.jpg 1 12 7 62 62
1749_0020_0033_0048_0048.jpg 1 20 33 48 48
1750_0030_0009_0025_0025.jpg 1 30 9 25 25
1751_0048_0030_0041_0041.jpg 1 48 30 41 41
1752_0058_0015_0032_0032.jpg 1 58 15 32 32
1753_0035_0045_0033_0033.jpg 1 35 45 33 33
1754_0019_0017_0059_0059.jpg 1 19 17 59 59
1755_0007_0032_0049_0049.jpg 1 7 32 49 49
1756_0057_0035_0028_0028.jpg 1 57 35 28 28
1757_0021_0055_0026_0026.jpg 1 21 55 26 26
1758_0028_0014_0067_0067.jpg 1 28 14 67 67
1759_0027_0029_0049_0049.jpg 1 27 29 49 49
1760_0046_0011_0033_0033.jpg 1 46 11 33 33
1761_0008_0006_0061_0061.jpg 1 8 6 61 61
1762_0047_0033_0041_0041.jpg 1 47 33 41 41
1763_0023_0039_0056_0056.jpg 1 23 39 56 56
1764_0034_0013_0024_0024.jpg 1 34 13 24 24
1765_0005_0006_0057_0057.jpg 1 5 6 57 57
1766_0046_0048_0037_0037.jpg 1 46 48 37 37
1767_0012_0026_0063_0063.jpg 1 12 26 63 63
1768_0028_0006_0035_0035.jpg 1 28 6 35 35
1769_0026_0006_0065_0065.jpg 1 26 6 65 65
1770_0061_0013_0027_0027.jpg 1 61 13 27 27
1771_0026_0013_0057_0057.jpg 1 26 13 57 57
1772_0024_0005_0056_0056.jpg 1 24 5 56 56
1773_0026_0039_0045_0045.jpg 1 26 39 45 45
1774_0028_0021_0047_0047.jpg 1 28 21 47 47
1775_0058_0009_0034_0034.jpg 1 58 9 34 34
1776_0026_0020_0033_0033.jpg 1 26 20 33 33
1777_0018_0015_0069_0069.jpg 1 18 15 69 69
1778_0030_0009_0051_0051.jpg 1 30 9 51 51
1779_0021_0015_0042_0042.jpg 1 21 15 42 42
1780_0025_0039_0050_0050.jpg 1 25 39 50 50
1781_0013_0031_0048_0048.jpg 1 13 31 48 48
1782_0030_0012_0046_0046.jpg 1 30 12 46 46
1783_0051_0035_0030_0030.jpg 1 51 35 30 30
1784_0007_0028_0056_0056.jpg 1 7 28 56 56
1785_0014_0010_0061_0061.jpg 1 14 10 61 61
1786_0031_0023_0063_0063.jpg 1 31 23 63 63
1787_0067_0022_0025_0025.jpg 1 67 22 25 25
1788_0003_0021_0064_0064.jpg 1 3 21 64 64
1789_0015_0024_0069_0069.jpg 1 15 24 69 69
1790_0026_0034_0039_0039.jpg 1 26 34 39 39
1791_0023_0020_0064_0064.jpg 1 23 20 64 64
1792_0030_0053_0027_0027.jpg 1 30 53 27 27
1793_0049_0046_0044_0044.jpg 1 49 46 44 44
1794_0038_0058_0025_0025.jpg 1 38 58 25 25
1795_0007_0043_0050_0050.jpg 1 7 43 50 50
1796_0018_0010_0064_0064.jpg 1 18 10 64 64
1797_0047_0007_0042_0042.jpg 1 47 7 42 42
1798_0016_0019_0042_0042.jpg 1 16 19 42 42
1799_0024_0025_0055_0055.jpg 1 24 25 55 55
1800_0044_0007_0044_0044.jpg 1 44 7 44 44
1801_0045_0056_0029_0029.jpg 1 45 56 29 29
1802_0024_0007_0069_0069.jpg 1 24 7 69 69
1803_0018_0028_0056_0056.jpg 1 18 28 56 56
1804_0032_0008_0063_0063.jpg 1 32 8 63 63
1805_0021_0032_0056_0056.jpg 1 21 32 56 56
1806_0026_0016_0029_0029.jpg 1 26 16 29 29
1807_0048_0059_0026_0026.jpg 1 48 59 26 26
1808_0013_0007_0067_0067.jpg 1 13 7 67 67
1809_0054_0042_0034_0034.jpg 1 54 42 34 34
1810_0005_0024_0062_0062.jpg 1 5 24 62 62
1811_0046_0023_0045_0045.jpg 1 46 23 45 45
1812_0034_0037_0054_0054.jpg 1 34 37 54 54
1813_0011_0036_0045_0045.jpg 1 11 36 45 45
1814_0048_0045_0024_0024.jpg 1 48 45 24 24
1815_0028_0028_0058_0058.jpg 1 28 28 58 58
1816_0022_0027_0032_0032.jpg 1 22 27 32 32
1817_0013_0041_0050_0050.jpg 1 13 41 50 50
1818_0035_0004_0059_0059.jpg 1 35 4 59 59
1819_0014_0044_0039_0039.jpg 1 14 44 39 39
1820_0016_0012_0044_0044.jpg 1 16 12 44 44
1821_0018_0007_0054_0054.jpg 1 18 7 54 54
1822_0020_0020_0048_0048.jpg 1 20 20 48 48
1823_0020_0006_0062_0062.jpg 1 20 6 62 62
1824_0021_0014_0062_0062.jpg 1 21 14 62 62
1825_0028_0026_0034_0034.jpg 1 28 26 34 34
1826_0015_0023_0032_0032.jpg 1 15 23 32 32
1827_0030_0022_0051_0051.jpg 1 30 22 51 51
1828_0032_0012_0063_0063.jpg 1 32 12 63 63
1829_0036_0014_0050_0050.jpg 1 36 14 50 50
1830_0034_0038_0039_0039.jpg 1 34 38 39 39
1831_0059_0026_0024_0024.jpg 1 59 26 24 24
1832_0011_0026_0054_0054.jpg 1 11 26 54 54
1833_0004_0009_0068_0068.jpg 1 4 9 68 68
1834_0029_0006_0046_0046.jpg 1 29 6 46 46
1835_0014_0006_0052_0052.jpg 1 14 6 52 52
1836_0009_0019_0051_0051.jpg 1 9 19 51 51
1837_0035_0007_0055_0055.jpg 1 35 7 55 55
1838_0029_0019_0059_0059.jpg 1 29 19 59 59
1839_0062_0064_0025_0025.jpg 1 62 64 25 25
1840_0009_0021_0067_0067.jpg 1 9 21 67 67
1841_0043_0023_0029_0029.jpg 1 43 23 29 29
1842_0050_0014_0034_0034.jpg 1 50 14 34 34
1843_0056_0007_0033_0033.jpg 1 56 7 33 33
1844_0027_0026_0033_0033.jpg 1 27 26 33 33
1845_0027_0022_0038_0038.jpg 1 27 22 38 38
1846_0053_0011_0040_0040.jpg 1 53 11 40 40
1847_0012_0021_0069_0069.jpg 1 12 21 69 69
1848_0010_0019_0066_0066.jpg 1 10 19 66 66
1849_0055_0031_0036_0036.jpg 1 55 31 36 36
1850_0008_0022_0058_0058.jpg 1 8 22 58 58
1851_0023_0034_0050_0050.jpg 1 23 34 50 50
1852_0057_0021_0035_0035.jpg 1 57 21 35 35
1853_0022_0048_0029_0029.jpg 1 22 48 29 29
1854_0041_0036_0042_0042.jpg 1 41 36 42 42
1855_0021_0012_0044_0044.jpg 1 21 12 44 44
1856_0032_0022_0061_0061.jpg 1 32 22 61 61
1857_0009_0020_0067_0067.jpg 1 9 20 67 67
1858_0015_0036_0046_0046.jpg 1 15 36 46 46
1859_0013_0014_0036_0036.jpg 1 13 14 36 36
1860_0032_0017_0034_0034.jpg 1 32 17 34 34
1861_0014_0031_0063_0063.jpg 1 14 31 63 63
1862_0062_0051_0028_0028.jpg 1 62 51 28 28
1863_0017_0005_0060_0060.jpg 1 17 5 60 60
1864_0028_0006_0046_0046.jpg 1 28 6 46 46
1865_0046_0029_0034_0034.jpg 1 46 29 34 34
1866_0056_0053_0030_0030.jpg 1 56 53 30 30
1867_0013_0009_0046_0046.jpg 1 13 9 46 46
1868_0009_0004_0064_0064.jpg 1 9 4 64 64
1869_0019_0018_0056_0056.jpg 1 19 18 56 56
1870_0032_0023_0060_0060.jpg 1 32 23 60 60
1871_0007_0021_0053_0053.jpg 1 7 21 53 53
1872_0015_0010_0060_0060.jpg 1 15 10 60 60
1873_0047_0032_0031_0031.jpg 1 47 32 31 31
1874_0009_0021_0043_0043.jpg 1 9 21 43 43
1875_0016_0021_0038_0038.jpg 1 16 21 38 38
1876_0027_0013_0042_0042.jpg 1 27 13 42 42
1877_0009_0018_0065_0065.jpg 1 9 18 65 65
1878_0018_0013_0067_0067.jpg 1 18 13 67 67
1879_0012_0006_0066_0066.jpg 1 12 6 66 66
1880_0017_0047_0033_0033.jpg 1 17 47 33 33
1881_0054_0063_0028_0028.jpg 1 54 63 28 28
1882_0011_0019_0047_0047.jpg 1 11 19 47 47
1883_0021_0025_0049_0049.jpg 1 21 25 49 49
1884_0011_0006_0060_0060.jpg 1 11 6 60 60
1885_0052_0027_0040_0040.jpg 1 52 27 40 40
1886_0016_0020_0037_0037.jpg 1 16 20 37 37
1887_0015_0011_0040_0040.jpg 1 15 11 40 40
1888_0058_0009_0032_0032.jpg 1 58 9 32 32
1889_0010_0022_0059_0059.jpg 1 10 22 59 59
1890_0026_0025_0060_0060.jpg 1 26 25 60 60
1891_0020_0009_0069_0069.jpg 1 20 9 69 69
1892_0053_0010_0030_0030.jpg 1 53 10 30 30
1893_0054_0018_0027_0027.jpg 1 54 18 27 27
1894_0011_0028_0038_0038.jpg 1 11 28 38 38
1895_0034_0015_0061_0061.jpg 1 34 15 61 61
1896_0017_0019_0050_0050.jpg 1 17 19 50 50
1897_0024_0008_0066_0066.jpg 1 24 8 66 66
1898_0025_0046_0041_0041.jpg 1 25 46 41 41
1899_0036_0013_0039_0039.jpg 1 36 13 39 39
1900_0045_0028_0033_0033.jpg 1 45 28 33 33
1901_0012_0021_0061_0061.jpg 1 12 21 61 61
1902_0014_0019_0069_0069.jpg 1 14 19 69 69
1903_0045_0010_0049_0049.jpg 1 45 10 49 49
1904_0065_0060_0026_0026.jpg 1 65 60 26 26
1905_0029_0023_0048_0048.jpg 1 29 23 48 48
1906_0044_0052_0034_0034.jpg 1 44 52 34 34
1907_0019_0014_0061_0061.jpg 1 19 14 61 61
1908_0005_0025_0068_0068.jpg 1 5 25 68 68
1909_0042_0058_0034_0034.jpg 1 42 58 34 34
1910_0039_0049_0035_0035.jpg 1 39 49 35 35
1911_0012_0032_0060_0060.jpg 1 12 32 60 60
1912_0051_0059_0028_0028.jpg 1 51 59 28 28
1913_0020_0016_0056_0056.jpg 1 20 16 56 56
1914_0012_0008_0045_0045.jpg 1 12 8 45 45
1915_0015_0048_0041_0041.jpg 1 15 48 41 41
1916_0004_0020_0069_0069.jpg 1 4 20 69 69
1917_0010_0011_0031_0031.jpg 1 10 11 31 31
1918_0029_0026_0049_0049.jpg 1 29 26 49 49
1919_0057_0038_0032_0032.jpg 1 57 38 32 32
1920_0026_0029_0067_0067.jpg 1 26 29 67 67
1921_0018_0055_0030_0030.jpg 1 18 55 30 30
1922_0022_0003_0068_0068.jpg 1 22 3 68 68
1923_0033_0035_0033_0033.jpg 1 33 35 33 33
1924_0039_0014_0038_0038.jpg 1 39 14 38 38
1925_0005_0007_0066_0066.jpg 1 5 7 66 66
1926_0007_0006_0055_0055.jpg 1 7 6 55 55
1927_0031_0029_0048_0048.jpg 1 31 29 48 48
1928_0061_0034_0024_0024.jpg 1 61 34 24 24
1929_0016_0020_0059_0059.jpg 1 16 20 59 59
1930_0019_0019_0068_0068.jpg 1 19 19 68 68
1931_0051_0035_0032_0032.jpg 1 51 35 32 32
1932_0047_0011_0046_0046.jpg 1 47 11 46 46
1933_0043_0039_0049_0049.jpg 1 43 39 49 49
1934_0010_0036_0041_0041.jpg 1 10 36 41 41
1935_0012_0052_0034_0034.jpg 1 12 52 34 34
1936_0034_0028_0058_0058.jpg 1 34 28 58 58
1937_0046_0012_0026_0026.jpg 1 46 12 26 26
1938_0047_0023_0040_0040.jpg 1 47 23 40 40
1939_0051_0037_0036_0036.jpg 1 51 37 36 36
1940_0037_0006_0044_0044.jpg 1 37 6 44 44
1941_0006_0049_0035_0035.jpg 1 6 49 35 35
1942_0007_0037_0043_0043.jpg 1 7 37 43 43
1943_0012_0011_0067_0067.jpg 1 12 11 67 67
1944_0024_0012_0064_0064.jpg 1 24 12 64 64
1945_0040_0020_0027_0027.jpg 1 40 20 27 27
1946_0028_0019_0050_0050.jpg 1 28 19 50 50
1947_0046_0046_0032_0032.jpg 1 46 46 32 32
1948_0029_0030_0064_0064.jpg 1 29 30 64 64
1949_0019_0011_0033_0033.jpg 1 19 11 33 33
1950_0036_0008_0051_0051.jpg 1 36 8 51 51
